SF:lib/common/event_class.dart
DA:43,6
DA:76,4
DA:77,3
DA:78,6
DA:82,1
DA:83,1
DA:86,0
DA:87,0
DA:89,0
DA:90,0
DA:91,0
DA:92,0
DA:97,0
DA:98,0
DA:99,0
DA:100,0
DA:101,0
DA:102,0
DA:103,0
DA:104,0
DA:105,0
DA:106,0
DA:107,0
DA:108,0
DA:109,0
DA:110,0
DA:111,0
DA:112,0
DA:114,0
DA:115,0
DA:116,0
DA:117,0
DA:118,0
DA:119,0
DA:120,0
DA:121,0
DA:122,0
DA:123,0
DA:124,0
DA:125,0
DA:126,0
DA:127,0
DA:128,0
DA:129,0
DA:133,1
DA:134,1
DA:135,1
DA:136,1
DA:137,1
DA:138,1
DA:139,5
DA:140,2
DA:141,1
DA:142,1
DA:143,1
DA:144,1
DA:145,1
DA:146,1
DA:147,2
DA:148,0
DA:150,2
DA:151,1
DA:152,1
DA:153,1
DA:154,1
DA:155,1
DA:156,1
DA:157,1
DA:158,2
DA:159,1
DA:160,1
DA:161,1
DA:162,1
DA:163,1
DA:164,1
DA:165,1
DA:169,0
DA:170,0
DA:171,0
DA:174,0
DA:175,0
DA:176,0
DA:179,0
DA:180,0
DA:181,0
DA:184,0
DA:185,0
DA:188,0
DA:189,0
DA:190,0
DA:193,0
DA:194,0
DA:195,0
DA:196,0
DA:199,0
DA:200,0
LF:96
LH:37
end_of_record
SF:lib/common/slotted_user.dart
DA:24,0
DA:25,0
DA:26,0
DA:27,0
DA:31,0
DA:32,0
DA:36,0
DA:37,0
DA:41,0
DA:42,0
DA:43,0
DA:47,0
DA:49,0
DA:50,0
DA:53,0
DA:54,0
DA:56,0
DA:57,0
DA:58,0
DA:59,0
DA:60,0
DA:61,0
DA:62,0
DA:64,0
DA:65,0
DA:66,0
DA:68,0
DA:72,0
DA:73,0
DA:74,0
DA:75,0
DA:76,0
DA:77,0
DA:80,0
DA:81,0
DA:82,0
DA:87,0
DA:88,0
DA:91,0
DA:92,0
DA:95,0
DA:96,0
DA:101,0
DA:105,0
DA:106,0
DA:107,0
DA:108,0
DA:109,0
DA:110,0
DA:111,0
DA:112,0
DA:113,0
DA:114,0
DA:115,0
DA:116,0
DA:117,0
DA:118,0
DA:119,0
DA:120,0
DA:121,0
DA:122,0
DA:123,0
DA:124,0
DA:129,0
DA:130,0
DA:134,0
DA:136,0
DA:137,0
DA:138,0
LF:69
LH:0
end_of_record
SF:lib/providers/theme_provider.dart
DA:10,1
DA:13,1
DA:14,1
DA:15,1
DA:16,1
DA:17,0
DA:20,0
DA:21,0
DA:22,0
DA:30,1
DA:34,1
DA:36,0
LF:12
LH:7
end_of_record
SF:lib/utils/test_network_service.dart
DA:9,18
DA:12,6
DA:14,6
DA:15,6
DA:19,6
DA:21,12
DA:22,6
DA:26,0
DA:29,0
DA:30,0
DA:34,0
DA:38,0
DA:39,0
DA:43,0
DA:44,0
DA:45,0
DA:50,0
DA:54,6
DA:56,18
DA:57,12
DA:63,6
DA:67,18
DA:68,12
DA:74,6
DA:78,18
DA:79,12
DA:84,6
DA:88,18
DA:89,12
DA:90,12
DA:92,6
DA:93,6
DA:95,6
DA:102,6
DA:106,18
DA:107,12
DA:112,6
DA:117,0
DA:118,0
DA:119,0
DA:124,0
DA:129,0
DA:135,0
DA:137,0
DA:141,0
DA:145,0
DA:147,0
DA:152,0
LF:48
LH:27
end_of_record
SF:lib/common/colors.dart
DA:118,0
DA:124,0
DA:127,0
DA:128,0
DA:129,0
DA:130,0
DA:131,0
DA:137,0
DA:142,0
DA:146,0
DA:147,0
DA:148,0
DA:149,0
DA:150,0
DA:156,0
DA:161,0
DA:162,0
DA:163,0
DA:165,0
DA:168,0
DA:169,0
DA:170,0
DA:176,0
DA:177,0
DA:178,0
DA:182,0
DA:183,0
DA:184,0
DA:188,0
DA:189,0
DA:190,0
DA:194,0
DA:199,0
DA:200,0
DA:201,0
DA:202,0
DA:203,0
DA:205,0
DA:206,0
DA:207,0
DA:209,0
DA:210,0
DA:211,0
DA:212,0
DA:213,0
DA:222,0
DA:229,0
DA:230,0
DA:231,0
DA:233,0
DA:235,0
DA:236,0
DA:237,0
DA:246,0
DA:247,0
DA:250,0
DA:251,0
DA:252,0
DA:255,0
DA:256,0
DA:257,0
DA:258,0
DA:259,0
DA:260,0
DA:266,0
DA:267,0
DA:268,0
DA:269,0
DA:270,0
DA:271,0
DA:276,0
DA:277,0
DA:278,0
DA:279,0
DA:282,0
DA:283,0
DA:284,0
DA:285,0
DA:288,0
DA:289,0
DA:290,0
DA:291,0
LF:82
LH:0
end_of_record
SF:lib/utils/logger.dart
DA:17,0
DA:23,0
DA:26,0
DA:32,0
DA:38,0
DA:40,0
DA:42,0
DA:47,0
DA:48,0
DA:51,0
DA:52,0
DA:55,0
DA:58,0
DA:59,0
DA:60,0
DA:64,0
DA:65,0
DA:66,0
DA:69,0
DA:72,0
DA:77,0
DA:79,0
DA:81,0
DA:84,0
DA:88,6
DA:92,0
DA:96,0
DA:100,0
DA:104,0
DA:105,0
DA:110,0
DA:111,0
DA:119,0
DA:120,0
DA:123,0
DA:127,0
DA:133,0
DA:146,0
DA:147,0
DA:150,0
DA:154,0
DA:160,0
DA:173,0
DA:174,0
DA:175,0
DA:178,0
DA:179,0
DA:180,0
DA:186,0
DA:191,0
DA:196,0
DA:200,0
DA:203,0
DA:207,0
DA:212,0
DA:213,0
DA:217,0
DA:218,0
LF:58
LH:1
end_of_record
SF:lib/pages/settings_page.dart
DA:14,0
DA:16,0
DA:17,0
DA:25,0
DA:27,0
DA:30,0
DA:34,0
DA:37,0
DA:39,0
DA:40,0
DA:44,0
DA:46,0
DA:47,0
DA:48,0
DA:51,0
DA:52,0
DA:55,0
DA:57,0
DA:59,0
DA:67,0
DA:68,0
DA:72,0
DA:74,0
DA:76,0
DA:77,0
DA:78,0
DA:82,0
DA:84,0
DA:85,0
DA:86,0
DA:88,0
DA:89,0
DA:90,0
DA:92,0
DA:98,0
DA:99,0
DA:100,0
DA:106,0
DA:108,0
DA:109,0
DA:111,0
DA:113,0
DA:115,0
DA:117,0
DA:124,0
DA:125,0
DA:126,0
DA:127,0
DA:128,0
DA:129,0
DA:131,0
DA:132,0
DA:133,0
DA:134,0
DA:136,0
DA:137,0
DA:138,0
DA:140,0
DA:141,0
DA:142,0
DA:143,0
DA:149,0
DA:152,0
DA:153,0
DA:154,0
DA:158,0
DA:159,0
DA:160,0
DA:162,0
DA:164,0
DA:165,0
DA:179,0
DA:181,0
DA:183,0
DA:184,0
DA:188,0
DA:193,0
DA:197,0
DA:202,0
DA:206,0
DA:211,0
DA:215,0
DA:216,0
DA:226,0
DA:227,0
DA:229,0
DA:230,0
DA:234,0
DA:236,0
DA:238,0
DA:239,0
DA:247,0
DA:257,0
DA:258,0
DA:260,0
DA:261,0
DA:263,0
DA:264,0
DA:265,0
DA:269,0
DA:275,0
DA:277,0
DA:279,0
DA:281,0
DA:282,0
DA:284,0
DA:285,0
DA:288,0
DA:289,0
DA:291,0
DA:292,0
DA:298,0
DA:306,0
DA:318,0
DA:319,0
DA:323,0
DA:325,0
DA:328,0
DA:329,0
DA:331,0
DA:332,0
DA:334,0
DA:336,0
DA:337,0
DA:338,0
DA:340,0
DA:343,0
DA:344,0
DA:346,0
DA:347,0
DA:348,0
DA:350,0
DA:357,0
DA:358,0
DA:360,0
DA:367,0
LF:136
LH:0
end_of_record
SF:lib/api/firebase_auth_service.dart
DA:14,0
DA:16,0
DA:17,0
DA:22,1
DA:25,2
DA:26,1
DA:29,1
DA:30,1
DA:43,0
DA:46,0
DA:49,0
DA:50,0
DA:51,0
DA:54,0
DA:55,0
DA:56,0
DA:57,0
DA:58,0
DA:61,0
DA:66,0
DA:67,0
DA:68,0
DA:69,0
DA:71,0
DA:73,0
DA:75,0
DA:77,0
DA:79,0
DA:81,0
DA:83,0
DA:85,0
DA:87,0
DA:89,0
DA:91,0
DA:93,0
DA:96,0
DA:98,0
DA:99,0
DA:101,0
DA:105,0
DA:106,0
DA:107,0
DA:111,0
DA:113,0
DA:114,0
DA:117,0
DA:119,0
DA:120,0
DA:123,0
DA:126,0
DA:127,0
DA:135,0
DA:136,0
DA:137,0
DA:140,0
DA:142,0
DA:143,0
DA:144,0
DA:148,0
DA:149,0
DA:152,0
DA:153,0
DA:155,0
DA:156,0
DA:163,0
DA:164,0
DA:165,0
DA:167,0
DA:168,0
DA:172,0
DA:176,0
DA:177,0
DA:178,0
DA:179,0
DA:181,0
DA:182,0
DA:187,0
DA:188,0
DA:189,0
DA:191,0
DA:192,0
DA:194,0
DA:195,0
DA:199,0
DA:203,0
DA:204,0
DA:205,0
DA:206,0
DA:208,0
DA:209,0
DA:214,0
DA:221,0
DA:222,0
DA:225,0
DA:226,0
DA:227,0
DA:231,0
DA:234,0
DA:235,0
DA:236,0
DA:238,0
DA:239,0
DA:240,0
DA:242,0
DA:243,0
DA:244,0
DA:248,0
DA:249,0
DA:250,0
DA:251,0
DA:253,0
DA:254,0
DA:259,0
DA:260,0
DA:261,0
DA:263,0
DA:264,0
DA:268,0
DA:272,0
DA:273,0
DA:274,0
DA:275,0
DA:276,0
DA:278,0
DA:279,0
DA:284,0
DA:286,0
DA:287,0
DA:289,0
DA:290,0
DA:295,0
DA:296,0
DA:297,0
DA:302,0
DA:303,0
DA:304,0
DA:305,0
DA:306,0
DA:307,0
DA:309,0
DA:313,0
DA:315,0
DA:321,0
DA:322,0
DA:323,0
DA:328,0
DA:329,0
DA:331,0
DA:334,0
DA:339,0
DA:340,0
DA:341,0
DA:343,0
DA:344,0
DA:347,0
DA:350,0
DA:352,0
DA:353,0
DA:354,0
DA:357,0
DA:359,0
DA:360,0
DA:364,0
DA:365,0
DA:366,0
DA:367,0
DA:368,0
DA:371,0
DA:372,0
DA:376,0
DA:379,0
DA:380,0
DA:383,0
DA:384,0
DA:385,0
DA:387,0
DA:388,0
DA:395,0
DA:396,0
DA:397,0
DA:399,0
DA:400,0
DA:403,0
DA:405,0
DA:406,0
DA:408,0
DA:411,0
DA:412,0
DA:415,0
DA:416,0
DA:418,0
DA:419,0
DA:426,0
DA:427,0
DA:428,0
DA:433,0
DA:434,0
DA:435,0
DA:436,0
DA:440,0
DA:442,0
DA:446,0
DA:447,0
DA:451,0
DA:452,0
DA:453,0
DA:456,0
DA:462,0
DA:465,0
DA:468,0
DA:469,0
DA:472,0
DA:477,0
DA:479,0
DA:482,0
DA:483,0
DA:487,0
DA:488,0
DA:489,0
DA:490,0
DA:492,0
DA:493,0
DA:498,0
DA:500,0
DA:506,0
DA:508,0
DA:509,0
DA:514,0
DA:517,0
DA:519,0
DA:522,0
DA:525,0
DA:526,0
DA:530,0
DA:531,0
DA:536,0
DA:539,0
DA:541,0
DA:544,0
DA:549,0
DA:550,0
DA:557,0
DA:559,0
LF:243
LH:5
end_of_record
SF:lib/api/stripe.dart
DA:15,0
DA:17,0
DA:18,0
DA:27,0
DA:28,0
DA:29,0
DA:33,0
DA:34,0
DA:35,0
DA:38,0
DA:39,0
DA:45,0
DA:47,0
DA:51,0
DA:56,0
DA:57,0
DA:60,0
DA:61,0
DA:62,0
DA:63,0
DA:64,0
DA:65,0
DA:68,0
DA:70,0
DA:71,0
DA:72,0
DA:73,0
DA:78,0
DA:79,0
DA:80,0
DA:86,0
DA:88,0
DA:89,0
DA:92,0
DA:93,0
DA:94,0
DA:98,0
DA:101,0
DA:102,0
DA:105,0
DA:106,0
DA:108,0
DA:111,0
DA:117,0
DA:118,0
DA:119,0
DA:120,0
DA:123,0
DA:124,0
DA:125,0
DA:128,0
DA:129,0
DA:130,0
DA:131,0
DA:132,0
DA:134,0
DA:135,0
DA:139,0
DA:147,0
DA:148,0
DA:150,0
DA:151,0
DA:153,0
DA:154,0
DA:156,0
DA:157,0
DA:161,0
DA:162,0
DA:163,0
DA:178,0
DA:182,0
DA:184,0
DA:185,0
DA:187,0
DA:188,0
DA:189,0
DA:190,0
DA:191,0
DA:192,0
DA:194,0
DA:197,0
DA:200,0
DA:201,0
DA:205,0
DA:214,0
DA:215,0
DA:217,0
DA:218,0
DA:222,0
DA:223,0
DA:224,0
DA:225,0
DA:228,0
DA:229,0
DA:237,0
DA:238,0
DA:239,0
DA:240,0
DA:246,0
DA:247,0
DA:248,0
DA:251,0
DA:252,0
DA:253,0
DA:254,0
DA:255,0
DA:257,0
DA:258,0
DA:263,0
DA:266,0
DA:268,0
DA:270,0
DA:272,0
DA:274,0
DA:277,0
DA:279,0
DA:280,0
DA:282,0
DA:286,0
DA:292,0
DA:293,0
DA:297,0
DA:300,0
DA:301,0
DA:303,0
DA:305,0
DA:306,0
LF:127
LH:0
end_of_record
SF:lib/utils/network_error_handler.dart
DA:17,0
DA:29,0
DA:33,0
DA:36,0
DA:37,0
DA:40,0
DA:41,0
DA:47,0
DA:50,0
DA:54,0
DA:55,0
DA:56,0
DA:57,0
DA:59,0
DA:60,0
DA:61,0
DA:64,0
DA:69,0
DA:72,0
DA:73,0
DA:79,0
DA:80,0
DA:83,0
DA:86,0
DA:89,0
DA:94,0
DA:95,0
DA:100,0
DA:101,0
DA:102,0
DA:103,0
DA:104,0
DA:105,0
DA:106,0
DA:107,0
DA:108,0
DA:109,0
DA:110,0
DA:111,0
DA:116,0
DA:117,0
DA:121,0
DA:123,0
DA:125,0
DA:126,0
DA:127,0
DA:136,0
DA:138,0
DA:140,0
DA:142,0
DA:148,0
DA:149,0
LF:52
LH:0
end_of_record
SF:lib/common/awards_helper.dart
DA:32,0
DA:44,0
DA:45,0
DA:46,0
DA:47,0
DA:48,0
DA:49,0
DA:50,0
DA:51,0
DA:52,0
DA:54,0
DA:55,0
DA:56,0
DA:58,0
DA:59,0
DA:60,0
DA:66,0
DA:67,0
DA:68,0
DA:69,0
DA:70,0
DA:71,0
DA:72,0
DA:73,0
DA:74,0
DA:75,0
DA:80,0
DA:82,0
DA:83,0
DA:84,0
DA:85,0
DA:86,0
DA:87,0
DA:88,0
DA:89,0
DA:90,0
DA:91,0
DA:92,0
DA:96,0
DA:98,0
DA:99,0
DA:100,0
DA:101,0
DA:102,0
DA:106,0
DA:107,0
DA:108,0
DA:110,0
DA:114,0
DA:115,0
DA:116,0
DA:118,0
DA:120,0
DA:124,0
DA:128,0
DA:129,0
DA:136,0
DA:143,0
DA:146,0
DA:153,0
DA:156,0
DA:163,0
DA:166,0
DA:173,0
DA:177,0
DA:184,0
DA:187,0
DA:194,0
DA:198,0
DA:205,0
DA:208,0
DA:215,0
DA:219,0
DA:226,0
DA:229,0
DA:236,0
DA:240,0
DA:241,0
DA:242,0
DA:243,0
DA:244,0
DA:245,0
DA:246,0
DA:247,0
DA:248,0
DA:249,0
DA:250,0
DA:251,0
DA:256,0
DA:258,0
DA:265,0
DA:267,0
DA:268,0
DA:269,0
DA:270,0
DA:271,0
DA:272,0
DA:273,0
DA:274,0
DA:275,0
DA:276,0
DA:281,0
DA:283,0
DA:284,0
DA:285,0
DA:286,0
DA:287,0
DA:288,0
DA:289,0
DA:290,0
DA:291,0
DA:292,0
DA:297,0
DA:299,0
DA:301,0
DA:303,0
DA:305,0
DA:307,0
LF:118
LH:0
end_of_record
SF:lib/common/city_data.dart
DA:16,0
LF:1
LH:0
end_of_record
SF:lib/common/constants.dart
DA:219,0
DA:221,0
DA:222,0
DA:223,0
DA:224,0
DA:228,0
DA:229,0
DA:234,0
DA:235,0
DA:259,0
DA:261,0
DA:262,0
DA:263,0
DA:264,0
DA:269,0
DA:270,0
DA:278,0
DA:280,0
DA:281,0
DA:282,0
DA:283,0
DA:288,0
DA:289,0
DA:298,0
DA:300,0
DA:302,0
DA:303,0
LF:27
LH:0
end_of_record
SF:lib/common/date_components.dart
DA:9,0
LF:1
LH:0
end_of_record
SF:lib/common/design_system.dart
DA:59,2
DA:60,1
DA:61,1
DA:68,0
DA:69,0
DA:70,0
DA:118,0
DA:120,0
DA:121,0
DA:125,0
DA:127,0
DA:128,0
DA:135,3
DA:137,1
DA:138,1
DA:139,1
DA:145,3
DA:147,1
DA:148,1
DA:152,0
DA:154,0
DA:155,0
DA:159,0
DA:160,0
DA:161,0
DA:162,0
DA:163,0
DA:168,0
LF:28
LH:10
end_of_record
SF:lib/common/error_handler.dart
DA:12,0
DA:13,0
DA:14,0
DA:15,0
DA:16,0
DA:17,0
DA:18,0
DA:19,0
DA:21,0
DA:23,0
DA:25,0
DA:27,0
DA:28,0
DA:30,0
DA:35,0
DA:36,0
DA:37,0
DA:38,0
DA:40,0
DA:41,0
DA:42,0
DA:44,0
DA:46,0
DA:48,0
DA:51,0
DA:58,0
DA:60,0
DA:61,0
DA:68,0
DA:72,0
DA:73,0
DA:74,0
DA:75,0
DA:77,0
DA:79,0
DA:82,0
DA:83,0
DA:91,0
DA:98,0
DA:100,0
DA:101,0
DA:102,0
DA:105,0
DA:108,0
DA:109,0
DA:111,0
DA:112,0
DA:113,0
DA:114,0
DA:118,0
DA:119,0
DA:126,0
DA:135,0
DA:136,0
DA:137,0
DA:139,0
DA:141,0
DA:143,0
DA:145,0
DA:147,0
DA:149,0
DA:151,0
DA:153,0
DA:155,0
DA:157,0
DA:159,0
DA:161,0
DA:164,0
DA:169,0
DA:170,0
DA:171,0
DA:172,0
DA:174,0
DA:176,0
DA:191,0
DA:192,0
DA:198,0
LF:77
LH:0
end_of_record
SF:lib/common/payment_method.dart
DA:20,0
DA:30,0
DA:31,0
DA:33,0
DA:34,0
DA:35,0
DA:36,0
DA:37,0
DA:38,0
DA:39,0
DA:40,0
DA:44,0
DA:46,0
DA:48,0
DA:50,0
DA:52,0
DA:60,0
DA:62,0
DA:64,0
DA:66,0
DA:68,0
DA:76,0
DA:77,0
DA:78,0
DA:79,0
DA:80,0
DA:81,0
DA:82,0
DA:83,0
DA:87,0
DA:88,0
DA:89,0
DA:91,0
DA:93,0
DA:95,0
DA:103,0
DA:104,0
DA:105,0
DA:108,0
DA:109,0
DA:112,0
DA:113,0
DA:114,0
DA:115,0
DA:117,0
LF:45
LH:0
end_of_record
SF:lib/common/payout_transaction.dart
DA:14,0
DA:19,0
DA:20,0
DA:21,0
DA:22,0
DA:26,0
DA:27,0
DA:28,0
DA:29,0
DA:33,0
DA:35,0
DA:36,0
DA:37,0
DA:38,0
DA:39,0
DA:57,0
DA:73,0
DA:74,0
DA:76,0
DA:77,0
DA:78,0
DA:79,0
DA:80,0
DA:81,0
DA:82,0
DA:83,0
DA:84,0
DA:85,0
DA:86,0
DA:87,0
DA:88,0
DA:89,0
DA:90,0
DA:95,0
DA:97,0
DA:99,0
DA:101,0
DA:109,0
DA:111,0
DA:113,0
DA:115,0
DA:123,0
DA:124,0
DA:125,0
DA:126,0
DA:127,0
DA:128,0
DA:129,0
DA:130,0
DA:131,0
DA:132,0
DA:133,0
DA:134,0
DA:135,0
DA:136,0
DA:140,0
DA:141,0
DA:144,0
DA:145,0
DA:146,0
DA:148,0
DA:150,0
DA:158,0
DA:159,0
DA:162,0
DA:163,0
DA:164,0
DA:168,0
DA:169,0
DA:173,0
DA:176,0
DA:177,0
DA:178,0
DA:180,0
DA:181,0
DA:182,0
DA:184,0
DA:185,0
DA:187,0
DA:188,0
DA:189,0
DA:190,0
DA:191,0
DA:193,0
DA:194,0
DA:198,0
DA:199,0
DA:202,0
DA:203,0
DA:205,0
DA:206,0
DA:208,0
DA:210,0
DA:212,0
DA:215,0
DA:219,0
DA:220,0
DA:221,0
DA:222,0
DA:223,0
LF:100
LH:0
end_of_record
SF:lib/common/responsive_system.dart
DA:18,0
DA:20,0
DA:22,0
DA:23,0
DA:24,0
DA:25,0
DA:26,0
DA:27,0
DA:36,0
DA:37,0
DA:40,0
DA:45,0
DA:50,0
DA:55,0
DA:60,0
DA:65,0
DA:66,0
DA:75,0
DA:76,0
DA:79,0
DA:84,0
DA:89,0
DA:94,0
DA:99,0
DA:104,0
DA:109,0
DA:118,0
DA:119,0
DA:120,0
DA:123,0
DA:124,0
DA:125,0
DA:132,0
DA:133,0
DA:134,0
DA:141,0
DA:142,0
DA:143,0
DA:150,0
DA:159,0
DA:168,0
DA:177,0
DA:190,0
DA:192,0
DA:193,0
DA:194,0
DA:197,0
DA:200,0
DA:201,0
DA:202,0
DA:203,0
DA:204,0
DA:209,0
DA:211,0
DA:212,0
DA:213,0
DA:216,0
DA:217,0
DA:219,0
DA:220,0
DA:221,0
DA:224,0
DA:225,0
DA:227,0
DA:228,0
DA:229,0
DA:232,0
DA:233,0
DA:235,0
DA:247,0
DA:253,0
DA:254,0
DA:256,0
DA:257,0
DA:258,0
DA:259,0
DA:261,0
DA:269,0
DA:270,0
DA:273,0
DA:274,0
DA:276,0
DA:278,0
DA:280,0
DA:282,0
DA:284,0
DA:290,0
DA:291,0
DA:294,0
DA:295,0
DA:296,0
DA:297,0
DA:298,0
DA:300,0
DA:302,0
DA:304,0
DA:305,0
DA:310,0
DA:311,0
DA:314,0
DA:315,0
DA:318,0
DA:349,9
DA:366,9
DA:389,9
DA:401,0
DA:402,0
DA:403,0
DA:404,0
DA:405,0
DA:407,0
DA:408,0
DA:409,0
DA:411,0
DA:413,0
DA:417,0
LF:116
LH:3
end_of_record
SF:lib/common/styling.dart
DA:258,0
DA:259,0
DA:260,0
DA:261,0
DA:265,0
DA:266,0
DA:291,0
DA:292,0
DA:296,0
DA:300,0
DA:304,0
DA:308,0
DA:309,0
DA:312,0
DA:316,0
DA:323,0
DA:324,0
DA:327,0
DA:331,0
DA:338,0
DA:344,0
DA:352,0
DA:357,0
DA:365,0
DA:372,0
DA:380,0
DA:381,0
DA:394,0
DA:402,0
DA:408,0
DA:417,0
DA:422,0
DA:428,0
DA:434,0
DA:443,0
DA:445,0
DA:453,0
DA:457,0
DA:465,0
DA:467,0
DA:469,0
DA:474,0
DA:476,0
DA:477,0
DA:479,0
DA:484,0
DA:486,0
DA:488,0
LF:48
LH:0
end_of_record
SF:lib/pages/attendees_page.dart
DA:19,0
DA:30,0
DA:31,0
DA:40,0
DA:42,0
DA:43,0
DA:44,0
DA:45,0
DA:48,0
DA:49,0
DA:50,0
DA:51,0
DA:52,0
DA:53,0
DA:54,0
DA:55,0
DA:61,0
DA:62,0
DA:71,0
DA:72,0
DA:73,0
DA:74,0
DA:75,0
DA:76,0
DA:77,0
DA:78,0
DA:80,0
DA:81,0
DA:82,0
DA:83,0
DA:86,0
DA:87,0
DA:88,0
DA:95,0
DA:96,0
DA:111,0
DA:112,0
DA:116,0
DA:117,0
DA:119,0
DA:120,0
DA:121,0
DA:123,0
DA:127,0
DA:129,0
DA:130,0
DA:133,0
DA:135,0
DA:136,0
DA:137,0
DA:138,0
DA:139,0
DA:140,0
DA:141,0
DA:142,0
DA:143,0
DA:147,0
DA:148,0
DA:149,0
DA:152,0
DA:153,0
DA:154,0
DA:158,0
DA:159,0
DA:160,0
DA:161,0
DA:163,0
DA:164,0
DA:165,0
DA:166,0
DA:167,0
DA:168,0
DA:172,0
DA:174,0
DA:175,0
DA:176,0
DA:179,0
DA:181,0
DA:182,0
DA:185,0
DA:187,0
DA:190,0
DA:192,0
DA:202,0
DA:203,0
DA:204,0
DA:205,0
DA:206,0
DA:207,0
DA:209,0
DA:211,0
DA:213,0
DA:214,0
DA:215,0
DA:216,0
DA:219,0
DA:220,0
DA:221,0
DA:223,0
DA:225,0
DA:226,0
DA:227,0
DA:228,0
DA:229,0
DA:230,0
DA:231,0
DA:232,0
DA:233,0
DA:234,0
DA:238,0
DA:239,0
DA:241,0
DA:243,0
DA:244,0
DA:245,0
DA:246,0
DA:248,0
DA:249,0
DA:257,0
DA:258,0
DA:259,0
DA:261,0
DA:262,0
DA:264,0
DA:265,0
DA:266,0
DA:274,0
LF:127
LH:0
end_of_record
SF:lib/pages/profile_page.dart
DA:26,0
DA:27,0
DA:28,0
DA:34,1
DA:36,1
DA:37,1
DA:54,0
DA:55,0
DA:57,0
DA:58,0
DA:62,0
DA:63,0
DA:66,0
DA:68,0
DA:69,0
DA:72,0
DA:73,0
DA:74,0
DA:75,0
DA:78,0
DA:87,0
DA:90,0
DA:92,0
DA:95,0
DA:96,0
DA:98,0
DA:99,0
DA:103,0
DA:107,0
DA:108,0
DA:111,0
DA:113,0
DA:114,0
DA:115,0
DA:116,0
DA:120,0
DA:124,0
DA:126,0
DA:129,0
DA:131,0
DA:132,0
DA:133,0
DA:134,0
DA:138,0
DA:142,0
DA:143,0
DA:144,0
DA:145,0
DA:151,0
DA:152,0
DA:153,0
DA:154,0
DA:160,0
DA:162,0
DA:167,0
DA:168,0
DA:169,0
DA:170,0
DA:173,0
DA:174,0
DA:175,0
DA:181,0
DA:184,0
DA:185,0
DA:186,0
DA:194,0
DA:195,0
DA:197,0
DA:198,0
DA:201,0
DA:204,0
DA:206,0
DA:208,0
DA:212,0
DA:213,0
DA:214,0
DA:215,0
DA:216,0
DA:228,0
DA:229,0
DA:232,0
DA:236,0
DA:238,0
DA:239,0
DA:241,0
DA:242,0
DA:243,0
DA:251,0
DA:253,0
DA:254,0
DA:255,0
DA:256,0
DA:257,0
DA:259,0
DA:261,0
DA:262,0
DA:263,0
DA:276,0
DA:277,0
DA:281,0
DA:282,0
DA:283,0
DA:285,0
DA:286,0
DA:290,0
DA:291,0
DA:293,0
DA:294,0
DA:295,0
DA:296,0
DA:297,0
DA:298,0
DA:301,0
DA:304,0
DA:306,0
DA:307,0
DA:308,0
DA:312,0
DA:314,0
DA:315,0
DA:316,0
DA:318,0
DA:320,0
DA:322,0
DA:330,0
DA:331,0
DA:334,0
DA:343,0
DA:344,0
DA:345,0
DA:346,0
DA:347,0
DA:348,0
DA:349,0
DA:362,0
DA:363,0
DA:364,0
DA:365,0
DA:366,0
DA:367,0
DA:368,0
DA:369,0
DA:370,0
DA:371,0
DA:372,0
DA:373,0
DA:374,0
DA:375,0
DA:377,0
DA:378,0
DA:379,0
DA:392,0
DA:393,0
DA:394,0
DA:395,0
DA:396,0
DA:397,0
DA:398,0
DA:399,0
DA:401,0
DA:402,0
DA:403,0
DA:417,0
DA:418,0
DA:419,0
DA:420,0
DA:421,0
DA:422,0
DA:423,0
DA:436,0
DA:437,0
DA:438,0
DA:439,0
DA:440,0
DA:441,0
DA:442,0
DA:443,0
DA:457,0
DA:458,0
DA:459,0
DA:460,0
DA:461,0
DA:462,0
DA:463,0
DA:464,0
DA:479,0
DA:480,0
DA:481,0
DA:482,0
DA:483,0
DA:495,0
DA:496,0
DA:498,0
DA:499,0
DA:500,0
DA:501,0
DA:515,0
DA:516,0
DA:517,0
DA:518,0
DA:519,0
DA:532,0
DA:533,0
DA:540,0
DA:541,0
DA:542,0
DA:544,0
DA:546,0
DA:549,0
DA:550,0
DA:551,0
DA:553,0
DA:554,0
DA:556,0
DA:559,0
DA:562,0
DA:564,0
DA:566,0
DA:568,0
DA:573,0
DA:574,0
DA:582,0
DA:583,0
DA:584,0
DA:587,0
DA:595,0
DA:596,0
DA:597,0
DA:598,0
DA:606,0
DA:609,0
DA:610,0
DA:611,0
DA:616,0
DA:619,0
DA:620,0
DA:621,0
DA:622,0
DA:624,0
DA:628,0
DA:630,0
DA:631,0
DA:632,0
DA:636,0
DA:637,0
DA:638,0
DA:640,0
DA:641,0
DA:642,0
DA:644,0
DA:653,0
DA:655,0
DA:656,0
DA:657,0
DA:659,0
DA:660,0
DA:662,0
DA:663,0
DA:665,0
DA:666,0
DA:669,0
DA:673,0
DA:674,0
DA:675,0
DA:677,0
DA:680,0
DA:681,0
DA:682,0
DA:683,0
DA:684,0
DA:686,0
DA:687,0
DA:688,0
DA:689,0
DA:700,0
DA:701,0
DA:702,0
DA:703,0
DA:705,0
DA:707,0
DA:718,0
DA:719,0
DA:720,0
DA:727,0
DA:730,0
DA:732,0
DA:733,0
DA:734,0
DA:736,0
DA:737,0
DA:740,0
DA:748,0
DA:749,0
DA:750,0
DA:753,0
DA:754,0
DA:759,0
DA:760,0
DA:762,0
DA:763,0
DA:764,0
DA:766,0
DA:767,0
DA:769,0
DA:771,0
DA:773,0
DA:775,0
DA:778,0
DA:779,0
DA:786,0
DA:787,0
DA:788,0
DA:790,0
DA:791,0
DA:793,0
DA:795,0
DA:797,0
DA:799,0
DA:802,0
DA:803,0
DA:820,0
DA:821,0
DA:823,0
DA:824,0
DA:825,0
DA:826,0
DA:830,0
DA:832,0
DA:833,0
DA:834,0
DA:835,0
DA:841,0
DA:842,0
DA:843,0
DA:844,0
DA:846,0
DA:848,0
DA:849,0
DA:850,0
DA:854,0
DA:861,0
DA:863,0
DA:866,0
DA:869,0
DA:871,0
DA:873,0
DA:880,0
DA:881,0
DA:883,0
DA:885,0
DA:893,0
DA:896,0
DA:897,0
DA:899,0
DA:900,0
DA:901,0
DA:906,0
DA:907,0
DA:914,0
DA:916,0
DA:928,0
DA:929,0
DA:931,0
DA:932,0
DA:937,0
DA:942,0
DA:944,0
DA:946,0
DA:947,0
DA:948,0
DA:956,0
DA:958,0
DA:959,0
DA:960,0
DA:961,0
DA:962,0
DA:964,0
DA:966,0
DA:968,0
DA:969,0
DA:970,0
DA:971,0
DA:979,0
DA:980,0
DA:988,0
DA:989,0
DA:991,0
DA:992,0
DA:993,0
DA:996,0
DA:999,0
DA:1001,0
DA:1004,0
DA:1008,0
DA:1011,0
DA:1013,0
DA:1021,0
DA:1022,0
DA:1023,0
DA:1024,0
DA:1027,0
DA:1028,0
DA:1029,0
DA:1030,0
DA:1031,0
DA:1035,0
DA:1037,0
DA:1039,0
DA:1041,0
DA:1042,0
DA:1043,0
DA:1045,0
DA:1046,0
DA:1058,0
DA:1060,0
DA:1061,0
DA:1064,0
DA:1065,0
DA:1074,0
DA:1076,0
DA:1077,0
DA:1079,0
DA:1082,0
DA:1096,0
DA:1101,0
DA:1102,0
DA:1103,0
DA:1107,0
DA:1112,0
DA:1114,0
DA:1118,0
DA:1120,0
DA:1121,0
DA:1122,0
DA:1123,0
DA:1125,0
DA:1128,0
DA:1132,0
DA:1134,0
DA:1136,0
DA:1152,0
DA:1153,0
DA:1154,0
DA:1156,0
DA:1157,0
DA:1158,0
DA:1159,0
DA:1160,0
DA:1164,0
DA:1165,0
DA:1166,0
DA:1168,0
DA:1169,0
DA:1172,0
DA:1173,0
DA:1181,0
DA:1182,0
DA:1184,0
DA:1185,0
DA:1186,0
DA:1187,0
DA:1190,0
DA:1193,0
DA:1194,0
DA:1195,0
DA:1197,0
DA:1202,0
DA:1214,0
DA:1215,0
DA:1217,0
DA:1219,0
DA:1220,0
DA:1222,0
DA:1223,0
DA:1225,0
DA:1227,0
DA:1230,0
DA:1231,0
DA:1232,0
DA:1235,0
DA:1241,0
DA:1243,0
DA:1244,0
DA:1245,0
DA:1247,0
DA:1250,0
DA:1251,0
DA:1253,0
DA:1262,0
DA:1263,0
DA:1265,0
DA:1266,0
DA:1267,0
DA:1269,0
DA:1270,0
DA:1272,0
DA:1275,0
DA:1276,0
DA:1279,0
DA:1280,0
DA:1281,0
DA:1282,0
DA:1289,0
DA:1291,0
DA:1293,0
DA:1295,0
DA:1296,0
DA:1297,0
DA:1298,0
DA:1300,0
DA:1301,0
DA:1304,0
DA:1306,0
DA:1317,0
DA:1319,0
DA:1320,0
DA:1323,0
DA:1324,0
DA:1333,0
DA:1335,0
DA:1336,0
DA:1337,0
DA:1339,0
DA:1340,0
DA:1352,0
DA:1353,0
DA:1354,0
DA:1357,0
DA:1365,0
DA:1366,0
DA:1367,0
DA:1369,0
DA:1378,0
DA:1379,0
DA:1381,0
DA:1382,0
DA:1383,0
DA:1385,0
DA:1386,0
DA:1387,0
DA:1389,0
DA:1392,0
DA:1396,0
DA:1401,0
DA:1404,0
DA:1405,0
DA:1406,0
DA:1407,0
DA:1409,0
DA:1421,0
DA:1422,0
DA:1425,0
DA:1426,0
DA:1428,0
DA:1431,0
DA:1434,0
DA:1439,0
DA:1440,0
DA:1441,0
DA:1442,0
DA:1443,0
DA:1446,0
DA:1456,0
DA:1457,0
DA:1458,0
DA:1460,0
DA:1462,0
DA:1464,0
DA:1465,0
DA:1466,0
DA:1467,0
DA:1468,0
DA:1469,0
DA:1470,0
DA:1471,0
DA:1473,0
DA:1474,0
LF:577
LH:3
end_of_record
SF:lib/pages/edit_event.dart
DA:32,0
DA:33,0
DA:36,0
DA:38,0
DA:39,0
DA:40,0
DA:41,0
DA:45,0
DA:46,0
DA:47,0
DA:48,0
DA:49,0
DA:50,0
DA:51,0
DA:57,0
DA:58,0
DA:59,0
DA:60,0
DA:61,0
DA:62,0
DA:63,0
DA:64,0
DA:72,1
DA:78,1
DA:79,1
DA:120,1
DA:122,1
DA:123,1
DA:124,1
DA:127,0
DA:129,0
DA:130,0
DA:131,0
DA:135,1
DA:136,2
DA:137,2
DA:138,2
DA:139,2
DA:140,2
DA:141,2
DA:142,2
DA:144,2
DA:145,2
DA:146,2
DA:147,2
DA:148,2
DA:149,2
DA:150,2
DA:153,2
DA:154,0
DA:155,0
DA:160,0
DA:161,0
DA:162,0
DA:164,0
DA:165,0
DA:168,0
DA:169,0
DA:170,0
DA:171,0
DA:173,0
DA:177,0
DA:180,1
DA:181,2
DA:182,5
DA:183,4
DA:184,5
DA:185,3
DA:186,0
DA:187,6
DA:188,6
DA:189,5
DA:190,5
DA:191,4
DA:192,4
DA:193,5
DA:196,2
DA:197,6
DA:198,2
DA:199,2
DA:200,2
DA:201,2
DA:202,1
DA:203,1
DA:204,2
DA:208,1
DA:210,2
DA:211,2
DA:212,2
DA:213,2
DA:214,2
DA:215,2
DA:216,2
DA:217,2
DA:218,2
DA:219,2
DA:220,2
DA:221,2
DA:222,2
DA:223,2
DA:224,1
DA:227,1
DA:228,1
DA:230,1
DA:232,1
DA:233,3
DA:234,1
DA:235,1
DA:237,0
DA:249,3
DA:250,0
DA:251,0
DA:253,0
DA:265,3
DA:266,0
DA:267,0
DA:269,0
DA:281,3
DA:282,0
DA:283,0
DA:285,0
DA:302,1
DA:303,3
DA:304,3
DA:305,3
DA:306,3
DA:307,3
DA:310,1
DA:312,2
DA:313,1
DA:314,2
DA:316,1
DA:318,1
DA:319,1
DA:320,1
DA:321,1
DA:322,1
DA:326,1
DA:328,0
DA:329,0
DA:330,0
DA:332,1
DA:334,1
DA:335,1
DA:336,1
DA:345,1
DA:347,1
DA:348,1
DA:349,1
DA:350,1
DA:355,1
DA:357,0
DA:360,0
DA:361,0
DA:362,0
DA:372,2
DA:374,1
DA:375,1
DA:376,1
DA:385,1
DA:386,1
DA:387,1
DA:388,1
DA:391,1
DA:392,1
DA:393,1
DA:397,1
DA:398,1
DA:402,1
DA:409,1
DA:410,1
DA:412,1
DA:414,1
DA:422,1
DA:423,1
DA:424,1
DA:426,1
DA:427,1
DA:430,1
DA:431,2
DA:432,3
DA:443,1
DA:445,1
DA:453,1
DA:456,1
DA:458,1
DA:459,1
DA:460,1
DA:462,1
DA:464,1
DA:466,1
DA:468,1
DA:479,1
DA:481,1
DA:489,1
DA:490,1
DA:491,1
DA:493,1
DA:494,1
DA:497,0
DA:506,1
DA:508,1
DA:516,1
DA:517,1
DA:518,1
DA:519,1
DA:521,1
DA:522,1
DA:524,1
DA:530,1
DA:531,1
DA:532,1
DA:534,1
DA:535,1
DA:538,2
DA:545,1
DA:546,1
DA:548,1
DA:549,1
DA:551,1
DA:557,1
DA:558,1
DA:559,1
DA:561,1
DA:562,1
DA:565,3
DA:579,1
DA:581,1
DA:589,1
DA:590,1
DA:591,1
DA:593,1
DA:594,1
DA:606,1
DA:608,1
DA:616,1
DA:617,1
DA:618,1
DA:620,1
DA:621,1
DA:624,0
DA:633,1
DA:635,1
DA:636,1
DA:639,1
DA:640,1
DA:641,1
DA:644,1
DA:645,1
DA:646,1
DA:650,1
DA:653,0
DA:654,0
DA:655,0
DA:658,1
DA:660,1
DA:661,1
DA:663,1
DA:664,1
DA:669,1
DA:670,1
DA:671,2
DA:679,1
DA:680,0
DA:682,0
DA:683,0
DA:686,0
DA:687,0
DA:688,0
DA:691,0
DA:692,0
DA:693,0
DA:697,0
DA:699,0
DA:711,0
DA:713,0
DA:714,0
DA:724,1
DA:726,1
DA:729,1
DA:731,1
DA:735,1
DA:736,1
DA:737,1
DA:738,1
DA:739,1
DA:743,1
DA:744,1
DA:746,1
DA:747,0
DA:748,0
DA:749,0
DA:750,0
DA:756,1
DA:757,1
DA:759,1
DA:760,1
DA:763,1
DA:787,1
DA:788,1
DA:790,1
DA:791,1
DA:792,1
DA:793,1
DA:799,1
DA:800,0
DA:804,0
DA:806,0
DA:807,0
DA:813,0
DA:814,0
DA:820,0
DA:821,0
DA:822,0
DA:835,1
DA:836,0
DA:839,0
DA:841,0
DA:842,0
DA:844,0
DA:845,0
DA:846,0
DA:878,1
DA:880,1
DA:888,1
DA:892,1
DA:895,1
DA:897,1
DA:900,1
DA:911,1
DA:926,1
DA:927,1
DA:928,1
DA:929,2
DA:931,1
DA:934,1
DA:935,1
DA:938,1
DA:939,1
DA:940,1
DA:941,1
DA:942,1
DA:943,1
DA:946,1
DA:947,1
DA:949,1
DA:953,1
DA:954,1
DA:955,1
DA:961,1
DA:963,1
DA:964,1
DA:966,1
DA:969,1
DA:976,0
DA:980,0
DA:981,0
DA:982,0
DA:984,0
DA:986,0
DA:990,1
DA:991,2
DA:993,1
DA:1000,1
DA:1001,1
DA:1004,1
DA:1007,1
DA:1008,1
DA:1012,1
DA:1016,1
DA:1019,1
DA:1022,1
DA:1024,1
DA:1025,1
DA:1038,1
DA:1040,1
DA:1042,1
DA:1044,1
DA:1050,0
DA:1051,0
DA:1053,0
DA:1056,0
DA:1057,0
DA:1058,0
DA:1059,0
DA:1062,0
DA:1063,0
DA:1064,0
DA:1075,1
DA:1076,1
DA:1077,1
DA:1078,1
DA:1079,1
DA:1080,1
DA:1082,0
DA:1085,0
DA:1086,0
DA:1087,0
DA:1088,0
DA:1092,0
DA:1093,0
DA:1095,0
DA:1096,0
DA:1097,0
DA:1098,0
DA:1101,0
DA:1103,0
DA:1109,0
DA:1112,0
DA:1113,0
DA:1115,0
DA:1116,0
DA:1117,0
DA:1118,0
DA:1124,0
DA:1126,0
DA:1152,1
DA:1154,1
DA:1156,1
DA:1157,1
DA:1158,1
DA:1159,1
DA:1163,1
DA:1166,1
DA:1167,1
DA:1168,1
DA:1172,1
DA:1174,1
DA:1175,1
DA:1177,1
DA:1178,1
DA:1180,1
DA:1181,1
DA:1182,1
DA:1191,1
DA:1193,1
DA:1199,1
DA:1201,1
DA:1202,1
DA:1210,2
DA:1212,0
DA:1214,0
DA:1215,0
DA:1216,0
DA:1217,0
DA:1218,0
DA:1219,0
DA:1220,0
DA:1222,0
DA:1224,0
DA:1225,0
DA:1235,0
DA:1236,0
DA:1237,0
DA:1238,0
DA:1239,0
DA:1241,0
DA:1258,1
DA:1259,1
DA:1261,4
DA:1262,3
DA:1263,4
DA:1264,3
DA:1265,4
DA:1267,1
DA:1268,1
DA:1270,1
DA:1271,1
DA:1274,1
DA:1275,1
DA:1276,1
DA:1279,1
DA:1280,1
DA:1281,1
DA:1285,1
DA:1286,1
DA:1293,1
DA:1294,1
DA:1296,1
DA:1307,1
DA:1309,1
DA:1310,1
DA:1313,1
DA:1314,1
DA:1315,1
DA:1318,1
DA:1319,1
DA:1320,1
DA:1324,1
DA:1326,1
DA:1327,1
DA:1328,1
DA:1335,1
DA:1337,1
DA:1345,1
DA:1348,3
DA:1350,1
DA:1351,1
DA:1352,1
DA:1354,1
DA:1356,1
DA:1361,1
DA:1369,1
DA:1370,1
DA:1372,1
DA:1373,1
DA:1376,1
DA:1378,1
DA:1383,1
DA:1384,1
DA:1385,1
DA:1386,1
DA:1387,1
DA:1389,1
DA:1390,1
DA:1392,1
DA:1393,1
DA:1396,1
DA:1397,1
DA:1398,1
DA:1401,1
DA:1402,1
DA:1403,1
DA:1407,1
DA:1409,1
DA:1410,0
DA:1411,0
DA:1413,1
DA:1415,1
DA:1422,1
DA:1424,1
DA:1437,1
DA:1439,1
DA:1441,1
DA:1442,1
DA:1444,1
DA:1445,1
DA:1448,3
DA:1450,1
DA:1451,1
DA:1452,1
DA:1453,1
DA:1456,1
DA:1457,3
DA:1458,1
DA:1459,1
DA:1465,1
DA:1467,2
DA:1468,0
DA:1469,0
DA:1470,0
DA:1474,0
DA:1476,0
DA:1478,1
DA:1480,1
DA:1481,1
DA:1490,0
DA:1492,0
DA:1497,1
DA:1498,1
DA:1504,1
DA:1506,1
DA:1525,0
DA:1528,0
DA:1531,0
DA:1535,0
DA:1537,0
DA:1538,0
DA:1540,0
DA:1541,0
DA:1542,0
DA:1543,0
DA:1545,0
DA:1551,0
DA:1552,0
DA:1553,0
DA:1556,0
DA:1558,0
DA:1564,0
DA:1565,0
DA:1567,0
DA:1574,0
DA:1577,0
DA:1578,0
DA:1579,0
DA:1580,0
DA:1581,0
DA:1582,0
DA:1584,0
DA:1585,0
DA:1586,0
DA:1587,0
DA:1588,0
DA:1589,0
DA:1590,0
DA:1593,0
DA:1595,0
DA:1598,0
DA:1599,0
DA:1600,0
DA:1601,0
DA:1603,0
DA:1604,0
DA:1605,0
DA:1606,0
DA:1607,0
DA:1608,0
DA:1611,0
DA:1612,0
DA:1614,0
DA:1617,0
DA:1619,0
DA:1621,0
DA:1622,0
DA:1623,0
DA:1624,0
DA:1625,0
DA:1626,0
DA:1627,0
DA:1628,0
DA:1631,0
DA:1632,0
DA:1633,0
DA:1634,0
DA:1635,0
DA:1636,0
DA:1640,0
DA:1641,0
DA:1644,0
DA:1646,0
DA:1647,0
DA:1651,0
DA:1652,0
DA:1654,0
DA:1655,0
DA:1656,0
DA:1660,0
DA:1661,0
DA:1662,0
DA:1666,0
DA:1667,0
DA:1674,0
DA:1676,0
DA:1677,0
DA:1685,0
DA:1687,0
DA:1700,0
DA:1703,0
DA:1704,0
DA:1706,0
DA:1707,0
DA:1708,0
DA:1709,0
DA:1715,0
DA:1716,0
DA:1717,0
DA:1719,0
DA:1720,0
DA:1723,0
DA:1724,0
DA:1725,0
DA:1732,0
DA:1733,0
DA:1734,0
DA:1736,0
DA:1737,0
DA:1738,0
DA:1740,0
DA:1742,0
DA:1743,0
DA:1744,0
DA:1746,0
DA:1784,0
DA:1785,0
DA:1786,0
DA:1788,0
DA:1789,0
DA:1790,0
DA:1791,0
DA:1792,0
DA:1793,0
DA:1794,0
DA:1796,0
DA:1827,0
DA:1829,0
DA:1830,0
DA:1831,0
DA:1836,0
DA:1838,0
DA:1841,0
DA:1843,0
DA:1846,0
DA:1848,0
DA:1856,0
DA:1857,0
DA:1858,0
DA:1859,0
DA:1862,0
DA:1863,0
DA:1864,0
DA:1871,0
DA:1872,0
DA:1874,0
DA:1875,0
DA:1877,0
DA:1878,0
DA:1881,0
DA:1882,0
DA:1883,0
DA:1886,0
DA:1887,0
DA:1888,0
DA:1892,0
DA:1893,0
DA:1916,0
DA:1918,0
DA:1920,0
DA:1921,0
DA:1922,0
DA:1923,0
DA:1924,0
DA:1928,0
DA:1929,0
DA:1930,0
DA:1933,0
DA:1934,0
DA:1935,0
DA:1936,0
DA:1947,0
DA:1949,0
DA:1951,0
DA:1952,0
DA:1956,0
DA:1957,0
DA:1958,0
DA:1961,0
DA:1962,0
DA:1963,0
DA:1964,0
DA:1975,0
DA:1977,0
DA:1979,0
DA:1980,0
DA:1984,0
DA:1985,0
DA:1986,0
DA:1989,0
DA:1990,0
DA:1991,0
DA:1992,0
DA:1993,0
DA:2012,0
DA:2013,0
DA:2015,0
DA:2016,0
DA:2019,0
DA:2020,0
DA:2021,0
DA:2024,0
DA:2025,0
DA:2026,0
DA:2030,0
DA:2031,0
DA:2054,0
DA:2056,0
DA:2058,0
DA:2059,0
DA:2060,0
DA:2061,0
DA:2063,0
DA:2067,0
DA:2068,0
DA:2069,0
DA:2070,0
DA:2073,0
DA:2074,0
DA:2075,0
DA:2076,0
DA:2087,0
DA:2089,0
DA:2091,0
DA:2093,0
DA:2097,0
DA:2098,0
DA:2099,0
DA:2102,0
DA:2103,0
DA:2104,0
DA:2105,0
DA:2116,0
DA:2118,0
DA:2120,0
DA:2122,0
DA:2126,0
DA:2127,0
DA:2128,0
DA:2129,0
DA:2177,0
DA:2178,0
DA:2182,0
DA:2187,0
DA:2188,0
DA:2189,0
DA:2195,0
DA:2196,0
DA:2200,0
DA:2201,0
DA:2202,0
DA:2205,0
DA:2206,0
DA:2209,0
DA:2211,0
DA:2213,0
DA:2220,0
DA:2221,0
DA:2228,0
DA:2229,0
DA:2233,0
DA:2238,0
DA:2239,0
DA:2240,0
DA:2243,0
DA:2244,0
DA:2250,0
DA:2252,0
DA:2253,0
DA:2255,0
DA:2257,0
DA:2258,0
DA:2259,0
DA:2260,0
DA:2264,0
DA:2265,0
DA:2267,0
DA:2268,0
DA:2269,0
DA:2270,0
DA:2278,0
DA:2279,0
DA:2282,0
DA:2283,0
DA:2285,0
DA:2286,0
DA:2291,0
DA:2292,0
DA:2293,0
DA:2294,0
DA:2295,0
DA:2296,0
DA:2298,0
DA:2299,0
DA:2300,0
DA:2302,0
DA:2303,0
DA:2305,0
DA:2306,0
DA:2307,0
DA:2309,0
DA:2311,0
DA:2312,0
DA:2313,0
DA:2314,0
DA:2317,0
DA:2319,0
DA:2322,0
DA:2326,0
DA:2329,0
DA:2333,0
DA:2334,0
DA:2335,0
DA:2336,0
DA:2338,0
DA:2339,0
DA:2340,0
DA:2342,0
DA:2348,0
DA:2349,0
DA:2355,0
DA:2356,0
DA:2357,0
DA:2359,0
DA:2361,0
DA:2362,0
DA:2363,0
DA:2367,0
DA:2370,0
DA:2372,0
DA:2374,0
DA:2375,0
DA:2376,0
DA:2377,0
DA:2383,0
DA:2385,0
DA:2387,0
DA:2389,0
DA:2391,0
DA:2393,0
DA:2394,0
DA:2395,0
DA:2396,0
DA:2397,0
DA:2399,0
DA:2400,0
DA:2401,0
DA:2403,0
DA:2404,0
DA:2405,0
DA:2406,0
DA:2408,0
DA:2409,0
DA:2410,0
DA:2411,0
DA:2414,0
DA:2419,0
DA:2420,0
DA:2430,0
DA:2431,0
DA:2434,0
DA:2435,0
DA:2437,0
DA:2439,0
DA:2440,0
DA:2458,0
DA:2459,0
DA:2462,0
DA:2463,0
DA:2478,0
DA:2479,0
DA:2482,0
DA:2483,0
DA:2484,0
DA:2505,0
DA:2506,0
DA:2507,0
DA:2509,0
DA:2510,0
DA:2512,0
DA:2513,0
DA:2515,0
DA:2517,0
DA:2519,0
DA:2520,0
DA:2521,0
DA:2522,0
DA:2524,0
DA:2525,0
DA:2526,0
DA:2548,0
DA:2549,0
DA:2556,0
DA:2558,0
DA:2560,0
DA:2562,0
DA:2563,0
DA:2568,0
DA:2569,0
DA:2570,0
DA:2582,0
DA:2584,0
DA:2585,0
DA:2590,0
DA:2596,0
DA:2597,0
DA:2598,0
DA:2599,0
DA:2639,1
DA:2640,2
DA:2645,1
DA:2648,1
DA:2651,1
DA:2654,1
DA:2661,1
DA:2664,1
DA:2665,0
DA:2666,0
DA:2667,0
DA:2668,0
DA:2671,1
DA:2676,1
DA:2677,1
DA:2681,2
DA:2682,1
DA:2683,1
DA:2684,1
DA:2687,1
DA:2688,1
DA:2690,1
DA:2691,1
DA:2694,1
DA:2695,1
DA:2696,1
DA:2702,1
DA:2704,1
DA:2705,1
DA:2707,1
DA:2710,1
DA:2713,1
DA:2715,1
DA:2718,1
DA:2722,1
DA:2734,0
DA:2735,0
DA:2736,0
DA:2737,0
DA:2742,0
DA:2743,0
DA:2745,0
DA:2747,0
DA:2750,0
DA:2756,0
DA:2757,0
DA:2758,0
DA:2763,0
DA:2764,0
DA:2765,0
DA:2766,0
DA:2768,0
DA:2769,0
DA:2772,0
DA:2773,0
DA:2774,0
DA:2775,0
DA:2777,0
DA:2778,0
DA:2780,0
DA:2781,0
DA:2783,0
DA:2790,0
DA:2791,0
DA:2792,0
DA:2799,0
DA:2801,0
DA:2806,0
DA:2807,0
DA:2808,0
DA:2809,0
DA:2810,0
DA:2812,0
DA:2814,0
DA:2815,0
DA:2817,0
DA:2818,0
DA:2819,0
DA:2821,0
DA:2824,0
DA:2825,0
DA:2827,0
DA:2828,0
DA:2829,0
DA:2832,0
DA:2836,0
DA:2837,0
DA:2838,0
DA:2842,0
DA:2845,0
DA:2849,0
DA:2857,0
DA:2858,0
DA:2863,0
DA:2864,0
DA:2869,0
DA:2871,0
DA:2873,0
DA:2875,0
DA:2877,0
DA:2881,0
DA:2882,0
DA:2883,0
DA:2885,0
DA:2886,0
DA:2887,0
DA:2889,0
DA:2896,0
DA:2898,0
DA:2900,0
DA:2903,0
DA:2907,0
DA:2909,0
DA:2917,0
DA:2918,0
DA:2922,0
DA:2923,0
DA:2927,0
DA:2928,0
DA:2933,0
DA:2934,0
DA:2936,0
DA:2937,0
DA:2938,0
DA:2944,0
DA:2947,0
DA:2948,0
DA:2951,0
DA:2952,0
DA:2953,0
DA:2954,0
DA:2957,0
DA:2958,0
DA:2962,0
DA:2963,0
DA:2964,0
DA:2966,0
DA:2967,0
DA:2968,0
DA:2969,0
DA:2975,0
DA:2976,0
DA:2977,0
DA:2978,0
DA:2983,0
DA:2985,0
DA:2987,0
DA:2992,0
DA:2994,0
DA:2995,0
DA:2996,0
DA:3001,0
DA:3004,0
DA:3006,0
DA:3007,0
DA:3008,0
DA:3009,0
DA:3013,0
DA:3018,0
DA:3019,0
DA:3023,0
DA:3030,0
DA:3031,0
DA:3032,0
DA:3033,0
DA:3035,0
DA:3036,0
DA:3037,0
DA:3039,0
DA:3054,0
DA:3062,0
DA:3063,0
DA:3070,0
DA:3072,0
DA:3073,0
DA:3075,0
DA:3076,0
DA:3078,0
DA:3079,0
DA:3080,0
DA:3081,0
DA:3082,0
DA:3087,0
DA:3089,0
DA:3090,0
DA:3093,0
DA:3095,0
DA:3096,0
DA:3097,0
DA:3098,0
DA:3099,0
DA:3103,0
LF:1157
LH:433
end_of_record
SF:lib/pages/location.dart
DA:19,0
DA:21,0
DA:22,0
DA:23,0
DA:24,0
DA:30,0
DA:39,0
DA:40,0
DA:53,0
DA:55,0
DA:56,0
DA:59,0
DA:63,0
DA:64,0
DA:66,0
DA:69,0
DA:72,0
DA:74,0
DA:75,0
DA:76,0
DA:77,0
DA:78,0
DA:81,0
DA:83,0
DA:84,0
DA:86,0
DA:87,0
DA:91,0
DA:93,0
DA:94,0
DA:95,0
DA:98,0
DA:99,0
DA:105,0
DA:106,0
DA:107,0
DA:108,0
DA:113,0
DA:114,0
DA:119,0
DA:120,0
DA:122,0
DA:126,0
DA:127,0
DA:131,0
DA:132,0
DA:133,0
DA:134,0
DA:138,0
DA:139,0
DA:140,0
DA:143,0
DA:144,0
DA:149,0
DA:150,0
DA:154,0
DA:155,0
DA:160,0
DA:161,0
DA:162,0
DA:165,0
DA:166,0
DA:167,0
DA:173,0
DA:174,0
DA:175,0
DA:176,0
DA:177,0
DA:181,0
DA:182,0
DA:183,0
DA:184,0
DA:185,0
DA:193,0
DA:197,0
DA:199,0
DA:201,0
DA:202,0
DA:204,0
DA:216,0
DA:217,0
DA:218,0
DA:219,0
DA:221,0
DA:223,0
DA:247,0
DA:248,0
DA:250,0
DA:251,0
DA:252,0
DA:253,0
DA:259,0
DA:260,0
DA:271,0
DA:273,0
DA:284,0
DA:289,0
DA:291,0
DA:292,0
DA:293,0
DA:300,0
DA:301,0
DA:302,0
DA:304,0
DA:306,0
DA:308,0
DA:309,0
DA:310,0
DA:311,0
DA:313,0
DA:314,0
DA:316,0
DA:317,0
DA:318,0
DA:319,0
DA:320,0
DA:322,0
DA:323,0
DA:328,0
DA:329,0
DA:330,0
DA:332,0
DA:333,0
DA:339,0
DA:340,0
DA:347,0
DA:348,0
DA:349,0
DA:360,0
DA:361,0
DA:376,0
DA:377,0
DA:378,0
DA:379,0
DA:380,0
DA:383,0
DA:384,0
DA:386,0
DA:387,0
DA:392,0
DA:394,0
DA:395,0
DA:397,0
DA:399,0
DA:400,0
DA:401,0
DA:402,0
DA:442,0
DA:443,0
DA:445,0
DA:447,0
DA:449,0
DA:451,0
DA:481,0
DA:482,0
DA:485,0
DA:486,0
DA:487,0
DA:489,0
DA:491,0
DA:492,0
DA:497,0
DA:498,0
DA:499,0
DA:500,0
DA:501,0
DA:502,0
DA:503,0
DA:505,0
DA:506,0
DA:507,0
DA:508,0
DA:510,0
DA:511,0
DA:530,0
DA:531,0
DA:532,0
DA:535,0
DA:537,0
DA:559,0
DA:560,0
DA:562,0
DA:564,0
DA:566,0
DA:568,0
DA:569,0
DA:575,0
DA:576,0
DA:577,0
DA:578,0
DA:579,0
DA:580,0
DA:583,0
DA:586,0
DA:587,0
DA:590,0
DA:591,0
DA:602,0
DA:606,0
DA:608,0
DA:610,0
DA:611,0
DA:616,0
DA:617,0
DA:623,0
DA:624,0
DA:627,0
DA:631,0
DA:632,0
DA:633,0
DA:634,0
DA:639,0
DA:640,0
DA:641,0
DA:643,0
DA:644,0
DA:647,0
DA:648,0
DA:650,0
DA:651,0
DA:652,0
DA:653,0
DA:654,0
DA:655,0
DA:662,0
DA:663,0
DA:664,0
DA:665,0
DA:666,0
DA:667,0
LF:230
LH:0
end_of_record
SF:lib/widgets/ds_section_header.dart
DA:14,18
DA:25,1
DA:27,1
DA:28,1
DA:29,1
DA:30,1
DA:31,1
DA:32,2
DA:33,1
DA:34,1
DA:40,1
DA:41,1
DA:43,1
DA:44,1
DA:45,1
DA:46,1
DA:50,1
DA:52,0
DA:53,0
DA:54,0
DA:62,1
DA:67,1
DA:68,0
DA:69,0
DA:83,0
DA:89,0
DA:91,0
DA:92,0
DA:96,0
DA:97,0
DA:98,0
DA:99,0
DA:101,0
DA:104,0
DA:106,0
DA:107,0
DA:108,0
DA:115,0
DA:116,0
DA:118,0
LF:40
LH:19
end_of_record
SF:lib/pages/edit_profile_page.dart
DA:14,0
DA:19,0
DA:20,0
DA:36,0
DA:38,0
DA:39,0
DA:40,0
DA:41,0
DA:42,0
DA:43,0
DA:44,0
DA:47,0
DA:49,0
DA:50,0
DA:51,0
DA:52,0
DA:53,0
DA:54,0
DA:55,0
DA:58,0
DA:59,0
DA:66,0
DA:67,0
DA:72,0
DA:73,0
DA:76,0
DA:77,0
DA:78,0
DA:79,0
DA:80,0
DA:82,0
DA:84,0
DA:91,0
DA:92,0
DA:94,0
DA:95,0
DA:100,0
DA:101,0
DA:104,0
DA:105,0
DA:106,0
DA:107,0
DA:108,0
DA:109,0
DA:110,0
DA:111,0
DA:112,0
DA:113,0
DA:114,0
DA:115,0
DA:116,0
DA:117,0
DA:118,0
DA:119,0
DA:120,0
DA:121,0
DA:122,0
DA:124,0
DA:126,0
DA:127,0
DA:130,0
DA:131,0
DA:132,0
DA:133,0
DA:135,0
DA:136,0
DA:137,0
DA:139,0
DA:146,0
DA:147,0
DA:148,0
DA:154,0
DA:156,0
DA:158,0
DA:161,0
DA:163,0
DA:177,0
DA:179,0
DA:181,0
DA:192,0
DA:193,0
DA:194,0
DA:197,0
DA:198,0
DA:204,0
DA:205,0
DA:206,0
DA:207,0
DA:209,0
DA:213,0
DA:217,0
DA:219,0
DA:220,0
DA:221,0
DA:222,0
DA:225,0
DA:226,0
DA:232,0
DA:233,0
DA:237,0
DA:238,0
DA:241,0
DA:247,0
DA:248,0
DA:259,0
DA:261,0
DA:262,0
DA:269,0
DA:271,0
DA:282,0
DA:283,0
DA:284,0
DA:285,0
DA:286,0
DA:287,0
DA:288,0
DA:291,0
DA:293,0
DA:296,0
DA:297,0
DA:298,0
DA:301,0
DA:302,0
DA:303,0
DA:309,0
DA:311,0
DA:312,0
DA:313,0
DA:314,0
DA:315,0
DA:317,0
DA:318,0
DA:321,0
DA:326,0
DA:329,0
DA:333,0
DA:336,0
DA:340,0
DA:341,0
DA:342,0
DA:362,0
DA:363,0
DA:365,0
DA:376,0
DA:377,0
DA:378,0
DA:379,0
DA:380,0
DA:381,0
DA:382,0
DA:383,0
DA:389,0
DA:390,0
DA:394,0
DA:400,0
DA:408,0
DA:410,0
DA:411,0
DA:412,0
DA:413,0
DA:418,0
DA:419,0
DA:420,0
DA:426,0
DA:434,0
DA:435,0
DA:445,0
DA:446,0
DA:457,0
DA:461,0
DA:462,0
DA:463,0
DA:464,0
DA:465,0
DA:466,0
DA:467,0
DA:473,0
DA:474,0
DA:479,0
DA:481,0
DA:482,0
DA:483,0
DA:490,0
DA:492,0
DA:493,0
DA:500,0
DA:503,0
DA:504,0
DA:505,0
DA:506,0
DA:507,0
DA:511,0
DA:520,0
DA:521,0
DA:534,0
DA:535,0
DA:536,0
DA:537,0
DA:538,0
DA:539,0
DA:540,0
DA:541,0
DA:547,0
DA:548,0
DA:552,0
DA:553,0
DA:555,0
DA:556,0
DA:557,0
DA:569,0
DA:570,0
DA:571,0
DA:587,0
DA:596,0
DA:598,0
DA:599,0
DA:600,0
DA:601,0
DA:606,0
DA:607,0
DA:608,0
DA:612,0
DA:614,0
DA:621,0
DA:623,0
DA:624,0
DA:631,0
DA:632,0
DA:640,0
DA:641,0
LF:230
LH:0
end_of_record
SF:lib/pages/event_details.dart
DA:24,0
DA:35,0
DA:36,0
DA:43,0
DA:45,0
DA:46,0
DA:48,0
DA:51,0
DA:52,0
DA:53,0
DA:54,0
DA:55,0
DA:58,0
DA:61,0
DA:63,0
DA:64,0
DA:69,0
DA:70,0
DA:74,0
DA:75,0
DA:76,0
DA:77,0
DA:78,0
DA:79,0
DA:80,0
DA:81,0
DA:82,0
DA:83,0
DA:90,0
DA:91,0
DA:92,0
DA:93,0
DA:96,0
DA:103,0
DA:104,0
DA:106,0
DA:110,0
DA:111,0
DA:112,0
DA:113,0
DA:114,0
DA:115,0
DA:116,0
DA:122,0
DA:124,0
DA:125,0
DA:127,0
DA:128,0
DA:129,0
DA:131,0
DA:138,0
DA:139,0
DA:151,0
DA:152,0
DA:153,0
DA:154,0
DA:156,0
DA:157,0
DA:158,0
DA:159,0
DA:161,0
DA:162,0
DA:163,0
DA:165,0
DA:172,0
DA:175,0
DA:177,0
DA:178,0
DA:179,0
DA:180,0
DA:181,0
DA:182,0
DA:183,0
DA:190,0
DA:191,0
DA:192,0
DA:193,0
DA:195,0
DA:196,0
DA:197,0
DA:199,0
DA:208,0
DA:209,0
DA:213,0
DA:215,0
DA:216,0
DA:217,0
DA:218,0
DA:219,0
DA:220,0
DA:221,0
DA:224,0
DA:225,0
DA:226,0
DA:227,0
DA:228,0
DA:230,0
DA:231,0
DA:232,0
DA:233,0
DA:234,0
DA:235,0
DA:236,0
DA:238,0
DA:239,0
DA:241,0
DA:246,0
DA:251,0
DA:252,0
DA:254,0
DA:257,0
DA:258,0
DA:260,0
DA:263,0
DA:264,0
DA:268,0
DA:269,0
DA:272,0
DA:279,0
DA:290,0
DA:291,0
DA:293,0
DA:295,0
DA:299,0
DA:301,0
DA:302,0
DA:304,0
DA:305,0
DA:306,0
DA:307,0
DA:308,0
DA:312,0
DA:313,0
DA:322,0
DA:323,0
DA:332,0
DA:333,0
DA:334,0
DA:335,0
DA:341,0
DA:342,0
DA:350,0
DA:360,0
DA:362,0
DA:364,0
DA:365,0
DA:372,0
DA:373,0
DA:375,0
DA:378,0
DA:379,0
DA:380,0
DA:387,0
DA:395,0
DA:396,0
DA:401,0
DA:402,0
DA:403,0
DA:404,0
DA:405,0
DA:407,0
DA:409,0
DA:410,0
DA:412,0
DA:413,0
DA:414,0
DA:415,0
DA:416,0
DA:417,0
DA:422,0
DA:423,0
DA:435,0
DA:436,0
DA:438,0
DA:448,0
DA:449,0
DA:450,0
DA:453,0
DA:456,0
DA:457,0
DA:458,0
DA:459,0
DA:460,0
DA:461,0
DA:464,0
DA:473,0
DA:476,0
DA:480,0
DA:491,0
DA:492,0
DA:503,0
DA:504,0
DA:513,0
DA:516,0
DA:519,0
DA:520,0
DA:522,0
DA:524,0
DA:527,0
DA:528,0
DA:533,0
DA:535,0
DA:536,0
DA:537,0
DA:538,0
DA:539,0
DA:540,0
DA:542,0
DA:543,0
DA:544,0
DA:546,0
DA:547,0
DA:548,0
DA:549,0
DA:552,0
DA:553,0
DA:555,0
DA:556,0
DA:557,0
DA:559,0
DA:560,0
DA:562,0
DA:563,0
DA:568,0
DA:576,0
DA:577,0
DA:578,0
DA:587,0
DA:588,0
DA:617,0
DA:618,0
DA:662,0
DA:663,0
DA:664,0
DA:676,0
DA:677,0
DA:710,0
DA:711,0
DA:712,0
DA:713,0
DA:714,0
DA:715,0
DA:716,0
DA:718,0
LF:244
LH:0
end_of_record
SF:lib/pages/events_map_page.dart
DA:38,0
DA:46,0
DA:47,0
DA:54,0
DA:55,0
DA:56,0
DA:57,0
DA:59,0
DA:62,0
DA:63,0
DA:156,0
DA:157,0
DA:188,0
DA:190,0
DA:191,0
DA:194,0
DA:196,0
DA:197,0
DA:200,0
DA:201,0
DA:202,0
DA:205,0
DA:208,0
DA:211,0
DA:213,0
DA:214,0
DA:215,0
DA:216,0
DA:220,0
DA:222,0
DA:225,0
DA:227,0
DA:228,0
DA:229,0
DA:230,0
DA:237,0
DA:240,0
DA:242,0
DA:244,0
DA:245,0
DA:248,0
DA:249,0
DA:254,0
DA:255,0
DA:258,0
DA:262,0
DA:264,0
DA:265,0
DA:269,0
DA:270,0
DA:271,0
DA:272,0
DA:273,0
DA:279,0
DA:280,0
DA:281,0
DA:282,0
DA:284,0
DA:285,0
DA:286,0
DA:289,0
DA:291,0
DA:292,0
DA:293,0
DA:294,0
DA:298,0
DA:301,0
DA:302,0
DA:304,0
DA:307,0
DA:310,0
DA:312,0
DA:313,0
DA:314,0
DA:321,0
DA:323,0
DA:324,0
DA:328,0
DA:335,0
DA:336,0
DA:337,0
DA:340,0
DA:341,0
DA:342,0
DA:344,0
DA:346,0
DA:347,0
DA:350,0
DA:351,0
DA:353,0
DA:354,0
DA:355,0
DA:361,0
DA:362,0
DA:365,0
DA:366,0
DA:367,0
DA:371,0
DA:372,0
DA:373,0
DA:379,0
DA:380,0
DA:381,0
DA:384,0
DA:385,0
DA:386,0
DA:387,0
DA:390,0
DA:391,0
DA:393,0
DA:397,0
DA:398,0
DA:399,0
DA:401,0
DA:405,0
DA:406,0
DA:407,0
DA:412,0
DA:414,0
DA:415,0
DA:419,0
DA:420,0
DA:421,0
DA:422,0
DA:423,0
DA:424,0
DA:431,0
DA:433,0
DA:434,0
DA:439,0
DA:440,0
DA:441,0
DA:444,0
DA:445,0
DA:447,0
DA:448,0
DA:449,0
DA:451,0
DA:453,0
DA:454,0
DA:455,0
DA:458,0
DA:465,0
DA:466,0
DA:467,0
DA:468,0
DA:469,0
DA:470,0
DA:473,0
DA:474,0
DA:479,0
DA:480,0
DA:481,0
DA:482,0
DA:483,0
DA:485,0
DA:487,0
DA:488,0
DA:489,0
DA:491,0
DA:493,0
DA:495,0
DA:498,0
DA:500,0
DA:501,0
DA:504,0
DA:505,0
DA:506,0
DA:508,0
DA:509,0
DA:517,0
DA:520,0
DA:521,0
DA:525,0
DA:526,0
DA:529,0
DA:533,0
DA:534,0
DA:536,0
DA:537,0
DA:543,0
DA:544,0
DA:545,0
DA:546,0
DA:549,0
DA:556,0
DA:557,0
DA:560,0
DA:571,0
DA:572,0
DA:575,0
DA:578,0
DA:581,0
DA:597,0
DA:598,0
DA:599,0
DA:601,0
DA:606,0
DA:607,0
DA:608,0
DA:609,0
DA:611,0
DA:612,0
DA:613,0
DA:615,0
DA:618,0
DA:620,0
DA:621,0
DA:624,0
DA:625,0
DA:626,0
DA:628,0
DA:629,0
DA:637,0
DA:640,0
DA:641,0
DA:645,0
DA:646,0
DA:649,0
DA:653,0
DA:654,0
DA:656,0
DA:657,0
DA:663,0
DA:664,0
DA:666,0
DA:667,0
DA:668,0
DA:676,0
DA:677,0
DA:678,0
DA:679,0
DA:697,0
DA:698,0
DA:700,0
DA:701,0
DA:702,0
DA:704,0
DA:705,0
DA:711,0
DA:712,0
DA:714,0
DA:716,0
DA:717,0
DA:718,0
DA:719,0
DA:724,0
DA:725,0
DA:732,0
DA:733,0
DA:741,0
DA:742,0
DA:754,0
DA:755,0
DA:757,0
DA:758,0
DA:759,0
DA:760,0
DA:762,0
DA:763,0
DA:764,0
DA:765,0
DA:766,0
DA:769,0
DA:771,0
DA:772,0
DA:775,0
DA:776,0
DA:777,0
DA:780,0
DA:781,0
DA:782,0
DA:783,0
DA:784,0
DA:788,0
DA:789,0
DA:790,0
DA:793,0
DA:794,0
DA:797,0
DA:798,0
DA:799,0
DA:803,0
DA:804,0
DA:806,0
DA:812,0
DA:813,0
DA:815,0
DA:816,0
DA:817,0
DA:818,0
DA:819,0
DA:821,0
DA:823,0
DA:834,0
DA:835,0
DA:836,0
DA:837,0
DA:850,0
DA:851,0
DA:852,0
DA:853,0
DA:880,0
DA:881,0
DA:882,0
DA:884,0
DA:885,0
DA:890,0
DA:891,0
DA:894,0
DA:895,0
DA:896,0
DA:898,0
DA:899,0
DA:902,0
DA:903,0
DA:905,0
DA:911,0
DA:913,0
DA:914,0
DA:918,0
DA:919,0
DA:920,0
DA:925,0
DA:926,0
DA:929,0
DA:930,0
DA:932,0
DA:933,0
DA:935,0
DA:936,0
DA:937,0
DA:938,0
DA:943,0
DA:944,0
DA:949,0
DA:954,0
DA:959,0
DA:964,0
DA:969,0
DA:970,0
DA:971,0
DA:972,0
DA:973,0
DA:974,0
DA:975,0
DA:979,0
DA:981,0
DA:985,0
DA:986,0
DA:987,0
DA:988,0
DA:989,0
DA:990,0
DA:995,0
DA:996,0
DA:1000,0
DA:1005,0
DA:1006,0
DA:1009,0
DA:1013,0
DA:1014,0
DA:1015,0
DA:1017,0
DA:1018,0
DA:1019,0
DA:1020,0
DA:1021,0
DA:1022,0
DA:1023,0
DA:1024,0
DA:1025,0
DA:1026,0
DA:1027,0
DA:1028,0
DA:1029,0
DA:1030,0
DA:1031,0
DA:1032,0
DA:1033,0
DA:1034,0
DA:1035,0
DA:1036,0
DA:1037,0
DA:1038,0
DA:1045,0
DA:1047,0
DA:1051,0
DA:1052,0
DA:1055,0
DA:1056,0
DA:1058,0
DA:1059,0
DA:1060,0
DA:1061,0
DA:1065,0
DA:1066,0
DA:1068,0
DA:1070,0
DA:1071,0
DA:1075,0
DA:1076,0
DA:1077,0
DA:1078,0
DA:1079,0
DA:1080,0
DA:1081,0
DA:1082,0
DA:1085,0
DA:1086,0
DA:1088,0
DA:1091,0
DA:1093,0
DA:1094,0
DA:1095,0
DA:1098,0
DA:1099,0
DA:1100,0
DA:1101,0
DA:1102,0
DA:1103,0
DA:1107,0
DA:1109,0
DA:1110,0
DA:1112,0
DA:1113,0
DA:1115,0
DA:1117,0
DA:1121,0
DA:1123,0
DA:1126,0
DA:1129,0
DA:1131,0
DA:1132,0
DA:1133,0
DA:1134,0
DA:1136,0
DA:1138,0
DA:1141,0
DA:1148,0
DA:1149,0
DA:1154,0
DA:1155,0
DA:1157,0
DA:1158,0
DA:1159,0
DA:1160,0
DA:1161,0
DA:1165,0
DA:1166,0
DA:1167,0
DA:1169,0
DA:1171,0
DA:1175,0
DA:1185,0
DA:1188,0
DA:1189,0
DA:1190,0
DA:1191,0
DA:1192,0
DA:1193,0
DA:1194,0
DA:1195,0
DA:1196,0
DA:1198,0
DA:1199,0
DA:1200,0
DA:1207,0
DA:1209,0
DA:1210,0
DA:1211,0
DA:1212,0
DA:1214,0
DA:1218,0
DA:1219,0
DA:1220,0
DA:1221,0
DA:1222,0
DA:1224,0
DA:1230,0
DA:1232,0
DA:1241,0
DA:1243,0
DA:1244,0
DA:1253,0
DA:1254,0
DA:1255,0
DA:1256,0
DA:1259,0
DA:1261,0
DA:1263,0
DA:1265,0
DA:1266,0
DA:1267,0
DA:1268,0
DA:1269,0
DA:1272,0
DA:1275,0
DA:1276,0
DA:1279,0
DA:1280,0
DA:1281,0
DA:1284,0
DA:1285,0
DA:1286,0
DA:1299,0
DA:1300,0
DA:1301,0
DA:1302,0
DA:1303,0
DA:1306,0
DA:1309,0
DA:1310,0
DA:1313,0
DA:1314,0
DA:1315,0
DA:1318,0
DA:1319,0
DA:1320,0
DA:1333,0
DA:1334,0
DA:1335,0
DA:1336,0
DA:1337,0
DA:1340,0
DA:1343,0
DA:1344,0
DA:1347,0
DA:1348,0
DA:1349,0
DA:1352,0
DA:1353,0
DA:1354,0
DA:1358,0
DA:1359,0
DA:1368,0
DA:1369,0
DA:1372,0
DA:1389,0
DA:1392,0
DA:1393,0
DA:1394,0
DA:1395,0
DA:1398,0
DA:1399,0
DA:1400,0
DA:1401,0
DA:1405,0
DA:1406,0
DA:1407,0
DA:1415,0
DA:1416,0
DA:1421,0
DA:1427,0
DA:1428,0
DA:1431,0
DA:1432,0
DA:1433,0
DA:1436,0
DA:1438,0
DA:1439,0
DA:1440,0
DA:1441,0
DA:1443,0
DA:1447,0
DA:1448,0
DA:1449,0
DA:1470,0
DA:1474,0
DA:1475,0
DA:1480,0
DA:1481,0
DA:1484,0
DA:1485,0
DA:1488,0
DA:1489,0
DA:1495,0
DA:1496,0
DA:1499,0
DA:1500,0
DA:1503,0
DA:1504,0
DA:1507,0
DA:1508,0
DA:1511,0
DA:1512,0
DA:1513,0
DA:1514,0
DA:1515,0
DA:1516,0
DA:1517,0
DA:1519,0
DA:1525,0
DA:1527,0
DA:1528,0
DA:1540,0
DA:1541,0
DA:1545,0
DA:1546,0
DA:1547,0
DA:1548,0
DA:1551,0
DA:1552,0
DA:1555,0
DA:1556,0
DA:1557,0
DA:1560,0
DA:1561,0
DA:1562,0
DA:1563,0
DA:1569,0
DA:1571,0
DA:1572,0
DA:1574,0
DA:1575,0
DA:1576,0
DA:1577,0
DA:1587,0
DA:1588,0
DA:1589,0
DA:1591,0
DA:1592,0
DA:1593,0
DA:1595,0
DA:1596,0
DA:1605,0
DA:1606,0
DA:1607,0
DA:1608,0
DA:1622,0
DA:1623,0
DA:1630,0
DA:1631,0
DA:1632,0
DA:1633,0
DA:1640,0
DA:1642,0
DA:1643,0
DA:1644,0
DA:1651,0
DA:1652,0
DA:1660,0
DA:1663,0
DA:1664,0
DA:1665,0
DA:1666,0
DA:1688,0
DA:1689,0
DA:1690,0
DA:1691,0
DA:1692,0
DA:1694,0
DA:1695,0
DA:1696,0
DA:1697,0
DA:1699,0
DA:1703,0
DA:1704,0
DA:1705,0
DA:1707,0
DA:1708,0
DA:1710,0
DA:1711,0
DA:1714,0
DA:1715,0
DA:1716,0
DA:1719,0
DA:1720,0
DA:1721,0
DA:1722,0
DA:1728,0
DA:1730,0
DA:1731,0
DA:1732,0
DA:1737,0
DA:1738,0
DA:1747,0
DA:1748,0
DA:1749,0
DA:1750,0
DA:1756,0
DA:1758,0
DA:1759,0
DA:1761,0
DA:1762,0
DA:1764,0
DA:1765,0
DA:1770,0
DA:1771,0
DA:1772,0
DA:1773,0
DA:1777,0
DA:1779,0
DA:1781,0
DA:1786,0
DA:1788,0
DA:1789,0
DA:1790,0
DA:1805,0
DA:1806,0
DA:1807,0
DA:1808,0
DA:1809,0
DA:1810,0
DA:1811,0
DA:1812,0
DA:1817,0
DA:1820,0
DA:1822,0
DA:1824,0
DA:1827,0
DA:1830,0
DA:1831,0
DA:1841,0
DA:1842,0
DA:1843,0
DA:1844,0
DA:1845,0
DA:1846,0
DA:1847,0
DA:1852,0
DA:1855,0
DA:1857,0
DA:1859,0
DA:1862,0
DA:1865,0
DA:1866,0
DA:1876,0
DA:1877,0
DA:1878,0
DA:1879,0
DA:1880,0
DA:1881,0
DA:1882,0
DA:1887,0
DA:1889,0
DA:1890,0
DA:1892,0
DA:1894,0
DA:1896,0
DA:1897,0
DA:1900,0
DA:1901,0
DA:1913,0
DA:1914,0
DA:1915,0
DA:1916,0
DA:1917,0
DA:1918,0
DA:1923,0
DA:1931,0
DA:1932,0
DA:1934,0
DA:1935,0
DA:1936,0
DA:1939,0
DA:1940,0
DA:1941,0
DA:1945,0
DA:1949,0
DA:1950,0
DA:1951,0
DA:1957,0
DA:1958,0
DA:1959,0
DA:1967,0
DA:1968,0
DA:1971,0
DA:1972,0
DA:1973,0
DA:1977,0
DA:1978,0
DA:1979,0
DA:1980,0
DA:1981,0
DA:1983,0
DA:1984,0
DA:1985,0
DA:1986,0
DA:1988,0
DA:1990,0
DA:1993,0
DA:1995,0
DA:1998,0
DA:1999,0
DA:2000,0
DA:2004,0
DA:2005,0
DA:2006,0
DA:2007,0
DA:2010,0
DA:2011,0
DA:2012,0
DA:2019,0
DA:2021,0
DA:2022,0
DA:2023,0
DA:2025,0
DA:2026,0
DA:2027,0
DA:2031,0
DA:2033,0
DA:2034,0
DA:2049,0
DA:2050,0
DA:2051,0
DA:2052,0
DA:2053,0
DA:2054,0
DA:2057,0
DA:2059,0
DA:2060,0
DA:2063,0
DA:2064,0
DA:2065,0
DA:2068,0
DA:2069,0
DA:2073,0
DA:2074,0
DA:2075,0
DA:2082,0
DA:2084,0
DA:2091,0
DA:2092,0
DA:2101,0
DA:2103,0
DA:2112,0
DA:2113,0
DA:2115,0
DA:2116,0
DA:2117,0
DA:2118,0
DA:2119,0
DA:2120,0
DA:2121,0
DA:2122,0
DA:2123,0
DA:2124,0
DA:2126,0
DA:2130,0
DA:2131,0
DA:2134,0
DA:2135,0
DA:2136,0
DA:2137,0
DA:2138,0
DA:2140,0
DA:2141,0
DA:2142,0
DA:2143,0
DA:2148,0
DA:2149,0
DA:2150,0
DA:2152,0
DA:2153,0
DA:2160,0
DA:2161,0
DA:2162,0
DA:2163,0
DA:2165,0
DA:2166,0
DA:2167,0
DA:2169,0
DA:2176,0
DA:2177,0
DA:2178,0
DA:2179,0
DA:2181,0
DA:2182,0
DA:2183,0
DA:2185,0
DA:2193,0
DA:2194,0
DA:2197,0
DA:2199,0
DA:2200,0
DA:2201,0
DA:2202,0
DA:2203,0
DA:2210,0
DA:2217,0
DA:2218,0
DA:2220,0
DA:2221,0
DA:2222,0
DA:2225,0
DA:2227,0
DA:2236,0
DA:2237,0
DA:2239,0
DA:2240,0
DA:2242,0
DA:2243,0
DA:2244,0
DA:2246,0
DA:2248,0
DA:2249,0
DA:2250,0
DA:2252,0
DA:2253,0
DA:2254,0
DA:2256,0
DA:2257,0
DA:2258,0
DA:2259,0
DA:2261,0
DA:2263,0
DA:2265,0
DA:2266,0
DA:2268,0
DA:2274,0
DA:2282,0
DA:2287,0
DA:2288,0
DA:2290,0
DA:2298,0
DA:2304,0
DA:2305,0
DA:2306,0
DA:2307,0
DA:2309,0
DA:2310,0
DA:2312,0
DA:2313,0
DA:2314,0
DA:2315,0
DA:2316,0
DA:2318,0
DA:2320,0
DA:2321,0
DA:2323,0
DA:2324,0
DA:2325,0
DA:2326,0
DA:2328,0
DA:2331,0
DA:2332,0
DA:2335,0
DA:2336,0
DA:2337,0
DA:2340,0
DA:2341,0
DA:2342,0
DA:2355,0
DA:2356,0
DA:2358,0
DA:2359,0
DA:2360,0
DA:2361,0
DA:2362,0
DA:2366,0
DA:2367,0
DA:2369,0
DA:2370,0
DA:2378,0
DA:2380,0
DA:2382,0
DA:2386,0
DA:2387,0
DA:2388,0
DA:2389,0
DA:2390,0
DA:2392,0
DA:2394,0
DA:2396,0
DA:2402,0
DA:2411,0
DA:2412,0
DA:2422,0
DA:2423,0
DA:2424,0
DA:2427,0
DA:2449,0
DA:2450,0
DA:2451,0
DA:2453,0
DA:2454,0
DA:2457,0
DA:2460,0
DA:2462,0
DA:2463,0
DA:2469,0
DA:2471,0
DA:2472,0
DA:2481,0
DA:2483,0
DA:2484,0
DA:2485,0
DA:2486,0
DA:2491,0
DA:2492,0
DA:2494,0
DA:2496,0
DA:2497,0
DA:2499,0
DA:2500,0
DA:2506,0
DA:2509,0
DA:2510,0
DA:2511,0
DA:2512,0
DA:2513,0
DA:2514,0
DA:2515,0
DA:2516,0
DA:2520,0
DA:2522,0
DA:2523,0
DA:2529,0
DA:2531,0
DA:2532,0
DA:2541,0
DA:2542,0
DA:2543,0
DA:2544,0
DA:2545,0
DA:2547,0
DA:2549,0
DA:2550,0
DA:2551,0
DA:2552,0
DA:2553,0
DA:2557,0
DA:2559,0
DA:2560,0
DA:2569,0
DA:2570,0
DA:2572,0
DA:2573,0
DA:2574,0
DA:2575,0
DA:2576,0
DA:2580,0
DA:2582,0
DA:2583,0
DA:2584,0
DA:2585,0
DA:2586,0
DA:2588,0
DA:2589,0
DA:2591,0
DA:2593,0
DA:2594,0
DA:2596,0
DA:2599,0
DA:2600,0
DA:2601,0
DA:2603,0
DA:2604,0
DA:2605,0
DA:2611,0
DA:2612,0
DA:2614,0
DA:2615,0
DA:2616,0
DA:2626,0
DA:2627,0
DA:2628,0
DA:2629,0
DA:2636,0
DA:2637,0
DA:2638,0
DA:2641,0
DA:2644,0
DA:2645,0
DA:2646,0
DA:2647,0
DA:2652,0
DA:2655,0
DA:2658,0
DA:2659,0
DA:2660,0
DA:2661,0
DA:2662,0
DA:2675,0
DA:2677,0
DA:2678,0
DA:2679,0
DA:2681,0
DA:2682,0
DA:2683,0
DA:2684,0
DA:2697,0
DA:2698,0
DA:2699,0
DA:2700,0
DA:2701,0
DA:2702,0
DA:2706,0
DA:2707,0
DA:2710,0
DA:2713,0
DA:2716,0
DA:2717,0
DA:2718,0
DA:2719,0
DA:2720,0
DA:2721,0
DA:2723,0
DA:2724,0
DA:2725,0
DA:2726,0
DA:2727,0
DA:2729,0
DA:2731,0
DA:2732,0
DA:2733,0
DA:2734,0
DA:2735,0
DA:2736,0
DA:2738,0
DA:2741,0
DA:2742,0
DA:2745,0
DA:2746,0
DA:2747,0
DA:2750,0
DA:2751,0
DA:2752,0
DA:2764,0
DA:2765,0
DA:2767,0
DA:2777,0
DA:2779,0
DA:2780,0
DA:2792,0
DA:2795,0
DA:2796,0
DA:2797,0
DA:2798,0
DA:2799,0
DA:2803,0
DA:2804,0
DA:2811,0
DA:2812,0
DA:2814,0
DA:2824,0
DA:2825,0
DA:2826,0
DA:2827,0
DA:2828,0
DA:2829,0
DA:2843,0
DA:2844,0
DA:2846,0
DA:2847,0
DA:2848,0
DA:2849,0
DA:2851,0
DA:2853,0
DA:2854,0
DA:2855,0
DA:2856,0
DA:2857,0
DA:2859,0
DA:2860,0
DA:2862,0
DA:2864,0
DA:2866,0
DA:2869,0
DA:2870,0
DA:2871,0
DA:2875,0
DA:2876,0
DA:2877,0
DA:2879,0
DA:2880,0
DA:2884,0
DA:2885,0
DA:2886,0
DA:2887,0
DA:2892,0
DA:2896,0
DA:2897,0
DA:2899,0
DA:2900,0
DA:2901,0
DA:2902,0
DA:2908,0
DA:2910,0
DA:2911,0
DA:2912,0
DA:2913,0
DA:2922,0
DA:2937,0
DA:2938,0
DA:2941,0
DA:2942,0
DA:2943,0
DA:2944,0
DA:2945,0
DA:2949,0
DA:2950,0
DA:2957,0
DA:2958,0
DA:2959,0
DA:2960,0
DA:2961,0
DA:2977,0
DA:2978,0
DA:2979,0
DA:2983,0
DA:2984,0
DA:2985,0
DA:2986,0
DA:2987,0
DA:2988,0
DA:2989,0
DA:2990,0
DA:2991,0
DA:2993,0
DA:2995,0
DA:2996,0
DA:2997,0
DA:2998,0
DA:2999,0
DA:3000,0
DA:3001,0
DA:3004,0
DA:3007,0
DA:3008,0
DA:3009,0
DA:3010,0
DA:3011,0
DA:3032,0
DA:3033,0
DA:3034,0
DA:3035,0
DA:3037,0
DA:3039,0
DA:3040,0
DA:3041,0
DA:3042,0
DA:3043,0
DA:3062,0
DA:3063,0
DA:3065,0
DA:3067,0
DA:3069,0
DA:3073,0
DA:3077,0
DA:3081,0
DA:3095,0
DA:3096,0
DA:3098,0
DA:3108,0
DA:3109,0
DA:3110,0
DA:3112,0
DA:3114,0
DA:3117,0
DA:3119,0
DA:3121,0
DA:3129,0
DA:3130,0
DA:3131,0
DA:3132,0
DA:3133,0
DA:3134,0
DA:3136,0
DA:3138,0
DA:3140,0
DA:3143,0
DA:3144,0
DA:3145,0
DA:3149,0
DA:3150,0
DA:3151,0
DA:3153,0
DA:3154,0
DA:3158,0
DA:3160,0
DA:3161,0
DA:3167,0
DA:3169,0
DA:3181,0
DA:3182,0
DA:3184,0
DA:3194,0
DA:3196,0
DA:3197,0
DA:3198,0
DA:3199,0
DA:3200,0
DA:3204,0
DA:3205,0
DA:3206,0
DA:3208,0
DA:3209,0
DA:3210,0
DA:3217,0
DA:3218,0
DA:3229,0
DA:3230,0
DA:3231,0
DA:3232,0
DA:3243,0
DA:3244,0
DA:3246,0
DA:3256,0
DA:3259,0
DA:3260,0
DA:3261,0
DA:3262,0
DA:3263,0
DA:3264,0
DA:3265,0
DA:3267,0
DA:3269,0
DA:3271,0
DA:3273,0
DA:3276,0
DA:3277,0
DA:3278,0
DA:3282,0
DA:3283,0
DA:3284,0
DA:3286,0
DA:3287,0
DA:3291,0
DA:3293,0
DA:3301,0
DA:3307,0
DA:3308,0
DA:3310,0
DA:3320,0
DA:3322,0
DA:3323,0
DA:3324,0
DA:3325,0
DA:3326,0
DA:3330,0
DA:3331,0
DA:3332,0
DA:3334,0
DA:3343,0
DA:3344,0
DA:3345,0
DA:3346,0
DA:3347,0
DA:3349,0
DA:3351,0
DA:3354,0
DA:3355,0
DA:3356,0
DA:3358,0
DA:3360,0
DA:3361,0
DA:3376,0
DA:3377,0
DA:3380,0
DA:3381,0
DA:3392,0
DA:3393,0
DA:3394,0
DA:3395,0
DA:3396,0
DA:3397,0
DA:3398,0
DA:3399,0
DA:3401,0
DA:3404,0
DA:3405,0
DA:3406,0
DA:3407,0
DA:3408,0
DA:3413,0
DA:3414,0
DA:3419,0
DA:3420,0
DA:3421,0
DA:3422,0
DA:3423,0
DA:3424,0
DA:3425,0
DA:3426,0
DA:3429,0
DA:3430,0
DA:3431,0
DA:3433,0
DA:3436,0
DA:3439,0
DA:3440,0
DA:3441,0
DA:3444,0
DA:3445,0
DA:3446,0
DA:3447,0
LF:1388
LH:0
end_of_record
SF:lib/pages/live.dart
DA:22,0
DA:39,0
DA:40,0
DA:47,0
DA:49,0
DA:50,0
DA:51,0
DA:55,0
DA:57,0
DA:58,0
DA:61,0
DA:63,0
DA:64,0
DA:66,0
DA:68,0
DA:70,0
DA:71,0
DA:75,0
DA:83,0
DA:84,0
DA:86,0
DA:87,0
DA:88,0
DA:89,0
DA:90,0
DA:93,0
DA:95,0
DA:98,0
DA:100,0
DA:107,0
DA:108,0
DA:113,0
DA:114,0
DA:115,0
DA:119,0
DA:122,0
DA:123,0
DA:124,0
DA:125,0
DA:126,0
DA:127,0
DA:129,0
DA:130,0
DA:132,0
DA:134,0
DA:137,0
DA:138,0
DA:139,0
DA:141,0
DA:143,0
DA:144,0
DA:145,0
DA:148,0
DA:149,0
DA:151,0
DA:153,0
DA:154,0
DA:155,0
DA:158,0
DA:159,0
DA:160,0
DA:161,0
DA:164,0
DA:166,0
DA:167,0
DA:168,0
DA:170,0
DA:171,0
DA:173,0
DA:174,0
DA:175,0
DA:176,0
DA:177,0
DA:185,0
DA:186,0
DA:200,0
DA:202,0
DA:206,0
DA:207,0
DA:208,0
DA:212,0
DA:214,0
DA:216,0
DA:218,0
DA:219,0
DA:220,0
DA:221,0
DA:225,0
DA:226,0
DA:230,0
DA:231,0
DA:232,0
DA:240,0
DA:241,0
DA:242,0
DA:243,0
DA:251,0
DA:252,0
DA:254,0
DA:256,0
DA:258,0
DA:264,0
DA:268,0
DA:275,0
DA:276,0
DA:277,0
DA:278,0
DA:279,0
DA:283,0
DA:284,0
DA:285,0
DA:286,0
DA:289,0
DA:290,0
DA:292,0
DA:294,0
DA:296,0
DA:302,0
DA:303,0
DA:304,0
DA:306,0
DA:307,0
DA:309,0
DA:316,0
DA:318,0
DA:319,0
DA:321,0
DA:323,0
DA:324,0
DA:332,0
DA:333,0
DA:334,0
DA:335,0
DA:336,0
DA:337,0
DA:338,0
DA:339,0
DA:340,0
DA:341,0
DA:342,0
DA:343,0
DA:345,0
DA:349,0
DA:351,0
DA:352,0
DA:353,0
DA:354,0
DA:355,0
DA:356,0
DA:357,0
DA:358,0
DA:359,0
DA:360,0
DA:361,0
DA:362,0
DA:363,0
DA:364,0
DA:365,0
DA:366,0
DA:369,0
DA:371,0
DA:373,0
DA:375,0
DA:378,0
DA:379,0
DA:381,0
DA:382,0
DA:387,0
DA:388,0
DA:389,0
DA:392,0
DA:393,0
DA:394,0
DA:398,0
DA:399,0
DA:400,0
DA:401,0
DA:402,0
DA:404,0
DA:405,0
DA:406,0
DA:407,0
DA:408,0
DA:410,0
DA:411,0
DA:412,0
DA:413,0
DA:414,0
DA:416,0
DA:418,0
DA:419,0
DA:420,0
DA:425,0
DA:426,0
DA:427,0
DA:428,0
DA:429,0
DA:430,0
DA:432,0
DA:433,0
DA:434,0
DA:436,0
DA:438,0
DA:439,0
DA:440,0
DA:441,0
DA:442,0
DA:449,0
DA:456,0
DA:461,0
DA:462,0
DA:463,0
DA:464,0
DA:466,0
DA:467,0
DA:469,0
DA:471,0
DA:475,0
DA:477,0
DA:478,0
DA:479,0
DA:480,0
DA:483,0
DA:484,0
DA:485,0
DA:486,0
DA:490,0
DA:491,0
DA:492,0
DA:495,0
DA:506,0
DA:507,0
DA:509,0
DA:511,0
DA:515,0
DA:517,0
DA:519,0
DA:520,0
DA:522,0
DA:523,0
DA:524,0
DA:527,0
DA:528,0
DA:529,0
DA:530,0
DA:534,0
DA:552,0
DA:556,0
DA:557,0
DA:558,0
DA:559,0
DA:561,0
DA:573,0
DA:575,0
DA:576,0
DA:577,0
DA:578,0
DA:580,0
DA:581,0
DA:583,0
DA:584,0
DA:585,0
DA:586,0
DA:589,0
DA:592,0
DA:598,0
DA:599,0
DA:600,0
DA:607,0
DA:608,0
DA:609,0
DA:611,0
DA:614,0
DA:628,0
DA:631,0
DA:636,0
DA:646,0
DA:647,0
DA:648,0
DA:650,0
DA:651,0
DA:657,0
DA:664,0
DA:666,0
DA:668,0
DA:669,0
DA:672,0
DA:673,0
DA:675,0
DA:678,0
DA:679,0
DA:680,0
DA:687,0
DA:692,0
DA:697,0
DA:698,0
DA:701,0
DA:702,0
DA:703,0
DA:707,0
DA:708,0
DA:709,0
DA:712,0
DA:713,0
DA:714,0
DA:715,0
DA:717,0
DA:720,0
DA:722,0
DA:724,0
DA:725,0
DA:728,0
DA:729,0
DA:730,0
DA:731,0
DA:733,0
DA:740,0
DA:741,0
DA:743,0
DA:745,0
DA:746,0
DA:749,0
DA:750,0
DA:751,0
DA:752,0
DA:753,0
DA:754,0
DA:756,0
DA:757,0
DA:758,0
DA:759,0
DA:761,0
DA:763,0
DA:764,0
DA:765,0
DA:768,0
DA:769,0
DA:770,0
DA:771,0
DA:773,0
DA:774,0
DA:775,0
DA:776,0
DA:778,0
DA:779,0
DA:783,0
DA:784,0
DA:785,0
DA:786,0
DA:787,0
DA:788,0
DA:789,0
DA:791,0
DA:792,0
DA:797,0
DA:799,0
DA:800,0
DA:805,0
DA:806,0
DA:810,0
DA:811,0
DA:813,0
DA:821,0
DA:823,0
DA:824,0
DA:825,0
DA:841,0
DA:844,0
DA:845,0
DA:846,0
DA:847,0
DA:848,0
DA:849,0
DA:850,0
DA:851,0
DA:852,0
DA:853,0
DA:862,0
DA:863,0
DA:864,0
DA:865,0
DA:866,0
DA:867,0
DA:868,0
DA:869,0
DA:870,0
DA:874,0
DA:877,0
DA:878,0
DA:880,0
DA:881,0
DA:885,0
DA:886,0
DA:887,0
DA:891,0
DA:892,0
DA:894,0
DA:895,0
DA:896,0
DA:899,0
DA:900,0
DA:903,0
DA:916,0
DA:918,0
DA:919,0
DA:920,0
DA:921,0
DA:923,0
DA:925,0
DA:926,0
DA:928,0
DA:934,0
DA:936,0
DA:941,0
DA:943,0
DA:944,0
DA:945,0
DA:946,0
DA:949,0
DA:953,0
DA:954,0
DA:956,0
DA:957,0
DA:961,0
DA:962,0
DA:965,0
DA:966,0
DA:967,0
DA:968,0
DA:971,0
DA:972,0
DA:977,0
DA:978,0
DA:980,0
DA:981,0
DA:983,0
DA:984,0
DA:997,0
DA:998,0
DA:1000,0
DA:1010,0
DA:1012,0
DA:1015,0
DA:1023,0
DA:1026,0
DA:1027,0
DA:1028,0
DA:1043,0
DA:1044,0
DA:1047,0
DA:1048,0
DA:1049,0
DA:1050,0
DA:1059,0
DA:1062,0
DA:1063,0
DA:1074,0
DA:1075,0
DA:1076,0
DA:1077,0
DA:1078,0
DA:1080,0
DA:1081,0
DA:1082,0
DA:1083,0
DA:1096,0
DA:1098,0
DA:1099,0
DA:1100,0
DA:1101,0
DA:1103,0
DA:1105,0
DA:1106,0
DA:1108,0
DA:1114,0
DA:1116,0
DA:1121,0
DA:1123,0
DA:1124,0
DA:1125,0
DA:1126,0
DA:1127,0
DA:1128,0
DA:1129,0
DA:1133,0
DA:1134,0
DA:1136,0
DA:1137,0
DA:1141,0
DA:1142,0
DA:1145,0
DA:1146,0
DA:1147,0
DA:1148,0
DA:1151,0
DA:1152,0
DA:1157,0
DA:1158,0
DA:1160,0
DA:1161,0
DA:1163,0
DA:1164,0
DA:1177,0
DA:1178,0
DA:1180,0
DA:1190,0
DA:1192,0
DA:1195,0
DA:1203,0
DA:1206,0
DA:1207,0
DA:1208,0
DA:1223,0
DA:1224,0
DA:1227,0
DA:1228,0
DA:1229,0
DA:1230,0
DA:1239,0
DA:1242,0
DA:1243,0
DA:1260,0
DA:1261,0
DA:1264,0
DA:1265,0
DA:1266,0
DA:1267,0
DA:1269,0
DA:1272,0
DA:1273,0
DA:1283,0
DA:1285,0
DA:1288,0
DA:1289,0
DA:1290,0
DA:1291,0
DA:1292,0
DA:1293,0
DA:1295,0
DA:1296,0
DA:1297,0
DA:1298,0
DA:1299,0
DA:1301,0
DA:1302,0
DA:1303,0
DA:1304,0
DA:1307,0
DA:1308,0
DA:1309,0
DA:1315,0
DA:1316,0
DA:1317,0
DA:1318,0
DA:1322,0
DA:1323,0
DA:1324,0
DA:1328,0
DA:1329,0
DA:1330,0
DA:1333,0
DA:1334,0
DA:1335,0
DA:1353,0
DA:1355,0
DA:1357,0
DA:1359,0
DA:1360,0
DA:1361,0
LF:569
LH:0
end_of_record
SF:lib/utils/location_service.dart
DA:11,0
DA:13,0
DA:15,0
DA:21,0
DA:22,0
DA:24,0
DA:32,0
DA:46,0
DA:49,0
DA:55,0
DA:56,0
DA:57,0
DA:58,0
DA:59,0
DA:60,0
DA:65,0
DA:66,0
DA:67,0
DA:68,0
DA:70,0
DA:72,0
DA:78,0
DA:81,0
DA:84,0
DA:88,0
DA:89,0
DA:92,0
DA:97,0
DA:99,0
DA:105,0
DA:108,0
DA:109,0
DA:112,0
DA:113,0
DA:116,0
DA:117,0
DA:121,0
DA:124,0
DA:126,0
DA:132,0
DA:133,0
DA:135,0
DA:136,0
DA:140,0
DA:141,0
DA:146,0
DA:148,0
DA:149,0
DA:153,0
DA:159,0
DA:162,0
DA:163,0
DA:167,0
DA:168,0
DA:169,0
DA:175,0
DA:176,0
DA:177,0
DA:178,0
LF:59
LH:0
end_of_record
SF:lib/utils/widget_fix.dart
DA:7,0
DA:9,0
DA:12,0
DA:17,0
DA:21,0
DA:22,0
DA:23,0
DA:24,0
DA:26,0
LF:9
LH:0
end_of_record
SF:lib/pages/home_page.dart
DA:26,9
DA:34,0
DA:35,0
DA:40,0
DA:43,0
DA:45,0
DA:46,0
DA:52,0
DA:55,0
DA:57,0
DA:58,0
DA:64,0
DA:67,0
DA:69,0
DA:70,0
DA:75,0
DA:77,0
DA:78,0
DA:79,0
DA:80,0
DA:89,0
DA:92,0
DA:93,0
DA:94,0
DA:95,0
DA:96,0
DA:97,0
LF:27
LH:1
end_of_record
SF:lib/pages/my_home_page.dart
DA:48,0
DA:59,0
DA:60,0
DA:65,0
DA:67,0
DA:68,0
DA:72,0
DA:73,0
DA:74,0
DA:81,0
DA:83,0
DA:84,0
DA:88,0
DA:89,0
DA:90,0
DA:97,0
DA:99,0
DA:100,0
DA:104,0
DA:105,0
DA:106,0
DA:116,9
DA:118,0
DA:119,0
DA:127,0
DA:129,0
DA:130,0
DA:135,0
DA:136,0
DA:137,0
DA:142,0
DA:143,0
DA:144,0
DA:150,0
DA:153,0
DA:155,0
DA:156,0
DA:159,0
DA:161,0
DA:162,0
DA:163,0
DA:164,0
DA:166,0
DA:168,0
DA:169,0
DA:170,0
DA:173,0
DA:176,0
DA:177,0
DA:178,0
DA:187,0
DA:190,0
DA:191,0
DA:306,0
DA:309,0
DA:310,0
DA:312,0
DA:314,0
DA:315,0
DA:316,0
DA:317,0
DA:319,0
DA:320,0
DA:321,0
DA:339,0
DA:340,0
DA:344,0
DA:346,0
DA:353,0
DA:354,0
DA:356,0
DA:357,0
DA:358,0
DA:360,0
DA:361,0
DA:362,0
DA:366,0
DA:370,0
DA:373,0
DA:375,0
DA:380,0
DA:381,0
DA:382,0
DA:383,0
DA:384,0
DA:389,0
DA:390,0
DA:395,0
DA:399,0
DA:400,0
DA:401,0
DA:403,0
DA:406,0
DA:410,0
DA:412,0
DA:415,0
DA:418,0
DA:428,0
DA:431,0
DA:433,0
DA:436,0
DA:439,0
DA:442,0
DA:443,0
DA:448,0
DA:449,0
DA:450,0
DA:451,0
DA:454,0
DA:457,0
DA:458,0
DA:459,0
DA:463,0
DA:464,0
DA:465,0
DA:470,0
DA:476,0
DA:478,0
DA:480,0
DA:482,0
DA:488,0
DA:489,0
DA:499,0
DA:500,0
DA:502,0
DA:506,0
DA:508,0
DA:514,0
DA:515,0
DA:516,0
DA:517,0
DA:518,0
DA:519,0
DA:527,0
DA:528,0
DA:534,0
DA:538,0
DA:539,0
DA:540,0
DA:547,0
DA:551,0
DA:554,0
DA:557,0
DA:560,0
DA:561,0
DA:562,0
DA:563,0
DA:564,0
DA:570,0
DA:571,0
DA:573,0
DA:574,0
DA:575,0
DA:577,0
DA:578,0
DA:579,0
DA:580,0
DA:582,0
DA:583,0
DA:584,0
DA:585,0
DA:587,0
DA:593,0
DA:594,0
DA:600,0
DA:601,0
DA:602,0
DA:606,0
DA:607,0
DA:608,0
DA:609,0
DA:616,0
DA:617,0
DA:618,0
DA:621,0
DA:622,0
DA:623,0
DA:624,0
DA:627,0
DA:628,0
DA:630,0
DA:634,0
DA:635,0
DA:636,0
DA:638,0
DA:641,0
DA:642,0
DA:644,0
DA:645,0
DA:646,0
DA:648,0
DA:649,0
DA:651,0
DA:652,0
DA:656,0
DA:658,0
DA:660,0
DA:661,0
DA:668,0
DA:670,0
DA:671,0
DA:672,0
DA:673,0
DA:674,0
DA:675,0
DA:676,0
DA:680,0
DA:683,0
DA:686,0
DA:691,0
DA:693,0
DA:695,0
DA:700,0
DA:704,0
DA:705,0
DA:706,0
DA:707,0
DA:708,0
DA:709,0
DA:711,0
DA:713,0
DA:714,0
DA:715,0
DA:716,0
DA:720,0
DA:722,0
DA:723,0
DA:724,0
DA:729,0
DA:731,0
DA:732,0
DA:737,0
DA:739,0
DA:740,0
DA:744,0
DA:747,0
DA:748,0
DA:749,0
DA:750,0
DA:751,0
DA:754,0
DA:755,0
DA:756,0
DA:757,0
DA:758,0
DA:759,0
DA:760,0
DA:763,0
DA:764,0
DA:766,0
DA:767,0
DA:768,0
DA:769,0
DA:770,0
DA:777,0
DA:780,0
DA:782,0
DA:784,0
DA:785,0
DA:790,0
DA:791,0
DA:792,0
DA:793,0
DA:794,0
DA:797,0
DA:798,0
DA:799,0
DA:800,0
DA:802,0
DA:803,0
DA:805,0
DA:810,0
DA:812,0
DA:814,0
DA:815,0
DA:817,0
DA:818,0
DA:819,0
DA:820,0
DA:822,0
DA:823,0
DA:825,0
DA:826,0
DA:827,0
DA:828,0
DA:832,0
DA:833,0
DA:834,0
DA:835,0
DA:843,0
DA:845,0
DA:846,0
DA:848,0
DA:849,0
DA:850,0
DA:852,0
DA:853,0
DA:854,0
DA:858,0
DA:859,0
DA:860,0
DA:861,0
DA:865,0
DA:866,0
DA:867,0
DA:868,0
DA:870,0
DA:871,0
DA:872,0
DA:874,0
DA:875,0
DA:876,0
DA:880,0
DA:883,0
DA:885,0
DA:886,0
DA:887,0
DA:888,0
DA:895,0
DA:899,0
DA:900,0
DA:901,0
DA:902,0
DA:906,0
DA:907,0
DA:908,0
DA:909,0
DA:913,0
DA:914,0
DA:915,0
DA:916,0
DA:919,0
DA:923,0
DA:925,0
DA:926,0
DA:929,0
DA:930,0
DA:931,0
DA:933,0
DA:934,0
DA:937,0
DA:938,0
DA:942,0
DA:943,0
DA:944,0
DA:945,0
DA:946,0
DA:947,0
DA:950,0
DA:951,0
DA:952,0
DA:955,0
DA:958,0
DA:959,0
DA:960,0
DA:963,0
DA:964,0
DA:965,0
DA:966,0
DA:967,0
DA:969,0
DA:971,0
DA:973,0
DA:974,0
DA:977,0
DA:978,0
DA:979,0
DA:982,0
DA:983,0
DA:984,0
DA:988,0
DA:989,0
DA:990,0
DA:993,0
DA:1005,0
DA:1006,0
DA:1009,0
DA:1010,0
DA:1014,0
DA:1016,0
DA:1018,0
DA:1019,0
DA:1020,0
DA:1021,0
DA:1022,0
DA:1023,0
DA:1024,0
DA:1027,0
DA:1029,0
DA:1030,0
DA:1032,0
DA:1057,0
DA:1058,0
DA:1059,0
DA:1060,0
DA:1061,0
DA:1063,0
DA:1064,0
DA:1065,0
DA:1066,0
DA:1067,0
DA:1069,0
DA:1070,0
DA:1071,0
DA:1072,0
DA:1073,0
DA:1075,0
DA:1081,0
DA:1082,0
DA:1083,0
DA:1084,0
DA:1085,0
DA:1087,0
DA:1088,0
DA:1089,0
DA:1091,0
DA:1092,0
DA:1094,0
DA:1095,0
DA:1100,0
DA:1102,0
DA:1103,0
DA:1104,0
DA:1105,0
DA:1106,0
DA:1107,0
DA:1108,0
DA:1112,0
DA:1115,0
DA:1119,0
DA:1120,0
DA:1121,0
DA:1123,0
DA:1124,0
DA:1125,0
DA:1127,0
DA:1131,0
DA:1132,0
DA:1133,0
DA:1135,0
DA:1136,0
DA:1137,0
DA:1139,0
DA:1143,0
DA:1144,0
DA:1145,0
DA:1147,0
DA:1148,0
DA:1149,0
DA:1151,0
DA:1155,0
DA:1156,0
DA:1157,0
DA:1159,0
DA:1160,0
DA:1161,0
DA:1166,0
DA:1167,0
DA:1168,0
DA:1169,0
DA:1170,0
DA:1171,0
DA:1174,0
DA:1175,0
DA:1176,0
DA:1177,0
DA:1178,0
DA:1181,0
DA:1182,0
DA:1183,0
DA:1184,0
DA:1185,0
DA:1198,0
DA:1199,0
DA:1203,0
DA:1208,0
DA:1209,0
DA:1210,0
DA:1211,0
DA:1212,0
DA:1213,0
DA:1216,0
DA:1217,0
DA:1218,0
DA:1223,0
DA:1224,0
DA:1225,0
DA:1226,0
DA:1227,0
DA:1228,0
DA:1229,0
DA:1230,0
DA:1233,0
DA:1234,0
DA:1235,0
DA:1237,0
DA:1238,0
DA:1239,0
DA:1241,0
DA:1242,0
DA:1245,0
DA:1248,0
DA:1250,0
DA:1251,0
DA:1263,0
DA:1267,0
DA:1269,0
DA:1270,0
DA:1271,0
DA:1275,0
DA:1277,0
DA:1279,0
DA:1292,0
DA:1293,0
DA:1295,0
DA:1296,0
DA:1298,0
DA:1300,0
DA:1302,0
DA:1303,0
DA:1305,0
DA:1307,0
DA:1313,0
DA:1315,0
DA:1317,0
DA:1318,0
DA:1320,0
DA:1322,0
DA:1324,0
DA:1330,0
DA:1331,0
DA:1333,0
DA:1334,0
DA:1335,0
DA:1336,0
DA:1337,0
DA:1338,0
DA:1341,0
DA:1343,0
DA:1344,0
DA:1347,0
DA:1348,0
DA:1349,0
DA:1352,0
DA:1353,0
DA:1354,0
DA:1358,0
DA:1360,0
DA:1367,0
DA:1368,0
DA:1392,0
DA:1393,0
DA:1396,0
DA:1397,0
DA:1398,0
DA:1399,0
DA:1401,0
DA:1402,0
DA:1404,0
DA:1405,0
DA:1410,0
DA:1411,0
DA:1412,0
DA:1413,0
DA:1415,0
DA:1416,0
DA:1419,0
DA:1420,0
DA:1421,0
DA:1422,0
DA:1423,0
DA:1424,0
DA:1425,0
DA:1427,0
DA:1428,0
DA:1431,0
DA:1433,0
DA:1434,0
DA:1436,0
DA:1437,0
DA:1440,0
DA:1441,0
DA:1443,0
DA:1444,0
DA:1445,0
DA:1447,0
DA:1448,0
DA:1449,0
DA:1450,0
DA:1451,0
DA:1452,0
DA:1456,0
DA:1458,0
DA:1459,0
DA:1460,0
DA:1461,0
DA:1462,0
DA:1467,0
DA:1468,0
DA:1470,0
DA:1473,0
DA:1474,0
DA:1486,0
DA:1488,0
DA:1490,0
DA:1492,0
DA:1499,0
DA:1501,0
DA:1502,0
DA:1503,0
DA:1505,0
DA:1509,0
DA:1512,0
DA:1514,0
DA:1515,0
DA:1517,0
DA:1518,0
DA:1525,0
DA:1526,0
DA:1528,0
DA:1529,0
DA:1530,0
DA:1531,0
DA:1532,0
DA:1533,0
DA:1535,0
DA:1542,0
DA:1544,0
DA:1545,0
DA:1550,0
DA:1551,0
DA:1552,0
DA:1561,0
DA:1571,0
DA:1573,0
DA:1575,0
DA:1576,0
DA:1577,0
DA:1578,0
DA:1579,0
DA:1580,0
DA:1581,0
DA:1583,0
DA:1590,0
DA:1592,0
DA:1593,0
DA:1598,0
DA:1599,0
DA:1600,0
DA:1609,0
DA:1610,0
DA:1611,0
DA:1612,0
DA:1614,0
DA:1620,0
DA:1622,0
DA:1623,0
DA:1633,0
DA:1634,0
DA:1635,0
DA:1636,0
DA:1638,0
DA:1644,0
DA:1646,0
DA:1647,0
DA:1657,0
DA:1659,0
DA:1660,0
DA:1663,0
DA:1664,0
DA:1665,0
DA:1666,0
DA:1667,0
DA:1668,0
DA:1671,0
DA:1673,0
DA:1674,0
DA:1677,0
DA:1678,0
DA:1680,0
DA:1687,0
DA:1697,0
DA:1701,0
DA:1705,0
DA:1706,0
DA:1709,0
DA:1710,0
DA:1713,0
DA:1714,0
DA:1717,0
DA:1718,0
DA:1727,0
DA:1728,0
DA:1732,0
DA:1734,0
DA:1735,0
DA:1738,0
DA:1739,0
DA:1740,0
DA:1746,0
DA:1748,0
DA:1753,0
DA:1754,0
DA:1756,0
DA:1757,0
DA:1760,0
DA:1761,0
DA:1763,0
DA:1764,0
DA:1765,0
DA:1766,0
DA:1769,0
DA:1771,0
DA:1777,0
DA:1778,0
DA:1779,0
DA:1788,0
DA:1790,0
DA:1792,0
DA:1801,0
DA:1802,0
DA:1804,0
DA:1805,0
DA:1806,0
DA:1807,0
DA:1808,0
DA:1811,0
DA:1814,0
DA:1815,0
DA:1818,0
DA:1819,0
DA:1820,0
DA:1823,0
DA:1824,0
DA:1825,0
DA:1840,0
DA:1841,0
DA:1842,0
DA:1843,0
DA:1844,0
DA:1847,0
DA:1850,0
DA:1851,0
DA:1854,0
DA:1855,0
DA:1856,0
DA:1859,0
DA:1860,0
DA:1861,0
DA:1876,0
DA:1877,0
DA:1878,0
DA:1879,0
DA:1880,0
DA:1881,0
DA:1882,0
DA:1883,0
DA:1884,0
DA:1885,0
DA:1890,0
DA:1893,0
DA:1894,0
DA:1897,0
DA:1898,0
DA:1899,0
DA:1902,0
DA:1903,0
DA:1904,0
DA:1927,0
DA:1928,0
DA:1929,0
DA:1931,0
DA:1932,0
DA:1934,0
DA:1935,0
DA:1938,0
DA:1939,0
DA:1940,0
DA:1943,0
DA:1944,0
DA:1945,0
DA:1946,0
DA:1952,0
DA:1954,0
DA:1955,0
DA:1956,0
DA:1961,0
DA:1962,0
DA:1971,0
DA:1972,0
DA:1973,0
DA:1974,0
DA:1980,0
DA:1982,0
DA:1983,0
DA:1985,0
DA:1986,0
DA:1988,0
DA:1989,0
DA:1994,0
DA:1995,0
DA:1996,0
DA:1997,0
DA:2001,0
DA:2003,0
DA:2005,0
DA:2010,0
DA:2012,0
DA:2013,0
DA:2014,0
DA:2029,0
DA:2030,0
DA:2031,0
DA:2032,0
DA:2033,0
DA:2034,0
DA:2035,0
DA:2036,0
DA:2037,0
DA:2038,0
DA:2041,0
DA:2042,0
DA:2043,0
DA:2048,0
DA:2049,0
DA:2050,0
DA:2051,0
DA:2052,0
DA:2053,0
DA:2054,0
DA:2055,0
DA:2056,0
DA:2059,0
DA:2060,0
DA:2061,0
DA:2068,0
DA:2069,0
DA:2070,0
DA:2071,0
DA:2072,0
DA:2073,0
DA:2074,0
DA:2075,0
DA:2078,0
DA:2079,0
DA:2080,0
DA:2088,0
DA:2089,0
DA:2091,0
DA:2093,0
DA:2094,0
DA:2096,0
DA:2097,0
DA:2100,0
DA:2101,0
DA:2102,0
DA:2105,0
DA:2106,0
DA:2107,0
DA:2111,0
DA:2121,0
DA:2125,0
DA:2126,0
DA:2129,0
DA:2130,0
DA:2131,0
DA:2142,0
DA:2143,0
DA:2144,0
DA:2145,0
DA:2147,0
DA:2148,0
DA:2149,0
DA:2151,0
DA:2155,0
DA:2157,0
DA:2158,0
DA:2161,0
DA:2162,0
DA:2163,0
DA:2170,0
DA:2172,0
DA:2173,0
DA:2176,0
DA:2177,0
DA:2179,0
DA:2180,0
DA:2182,0
DA:2183,0
DA:2184,0
DA:2185,0
DA:2188,0
DA:2189,0
DA:2190,0
DA:2191,0
DA:2206,0
DA:2208,0
DA:2210,0
DA:2211,0
DA:2212,0
DA:2213,0
DA:2216,0
DA:2217,0
DA:2218,0
DA:2220,0
DA:2221,0
DA:2222,0
DA:2225,0
DA:2227,0
DA:2228,0
DA:2229,0
DA:2230,0
DA:2234,0
DA:2235,0
DA:2236,0
DA:2237,0
DA:2241,0
DA:2242,0
DA:2243,0
DA:2244,0
DA:2249,0
DA:2251,0
DA:2252,0
DA:2253,0
DA:2254,0
DA:2255,0
DA:2257,0
DA:2258,0
DA:2259,0
DA:2260,0
DA:2261,0
DA:2262,0
DA:2264,0
DA:2272,0
DA:2275,0
DA:2279,0
DA:2282,0
DA:2283,0
DA:2286,0
DA:2287,0
DA:2288,0
DA:2298,0
DA:2300,0
DA:2302,0
DA:2304,0
DA:2307,0
DA:2309,0
DA:2311,0
DA:2312,0
DA:2315,0
DA:2317,0
DA:2318,0
DA:2319,0
DA:2320,0
DA:2321,0
DA:2322,0
DA:2323,0
DA:2324,0
DA:2325,0
DA:2329,0
DA:2330,0
DA:2336,0
DA:2337,0
DA:2350,0
DA:2352,0
DA:2353,0
DA:2356,0
DA:2357,0
DA:2359,0
DA:2360,0
DA:2361,0
DA:2363,0
DA:2365,0
DA:2368,0
DA:2370,0
DA:2371,0
DA:2380,0
DA:2381,0
DA:2383,0
DA:2384,0
DA:2385,0
DA:2387,0
DA:2389,0
DA:2390,0
DA:2397,0
DA:2398,0
DA:2400,0
DA:2401,0
DA:2402,0
DA:2404,0
DA:2406,0
DA:2407,0
DA:2422,0
DA:2423,0
DA:2438,0
DA:2439,0
DA:2440,0
DA:2443,0
DA:2444,0
DA:2445,0
DA:2446,0
DA:2447,0
DA:2448,0
DA:2454,0
DA:2461,0
DA:2462,0
DA:2463,0
DA:2464,0
DA:2465,0
DA:2478,0
DA:2480,0
DA:2481,0
DA:2482,0
DA:2483,0
DA:2484,0
DA:2487,0
DA:2488,0
DA:2489,0
DA:2495,0
DA:2496,0
DA:2498,0
DA:2499,0
DA:2500,0
DA:2506,0
DA:2507,0
DA:2508,0
DA:2509,0
DA:2515,0
DA:2517,0
DA:2518,0
DA:2519,0
DA:2521,0
DA:2522,0
DA:2523,0
DA:2534,0
DA:2535,0
DA:2536,0
DA:2542,0
DA:2543,0
DA:2544,0
DA:2545,0
DA:2546,0
DA:2554,0
DA:2556,0
DA:2557,0
DA:2558,0
DA:2560,0
DA:2562,0
DA:2563,0
DA:2564,0
DA:2566,0
DA:2580,0
DA:2582,0
DA:2584,0
DA:2585,0
DA:2586,0
DA:2587,0
DA:2588,0
DA:2591,0
DA:2592,0
DA:2593,0
DA:2599,0
DA:2601,0
DA:2602,0
DA:2604,0
DA:2605,0
DA:2607,0
DA:2608,0
DA:2613,0
DA:2614,0
DA:2615,0
DA:2616,0
DA:2623,0
DA:2624,0
DA:2625,0
DA:2626,0
DA:2627,0
DA:2628,0
DA:2629,0
DA:2641,0
DA:2644,0
DA:2646,0
DA:2649,0
DA:2650,0
DA:2652,0
DA:2653,0
DA:2656,0
DA:2657,0
DA:2659,0
DA:2674,0
DA:2675,0
DA:2678,0
DA:2679,0
DA:2681,0
DA:2683,0
DA:2686,0
DA:2687,0
DA:2688,0
DA:2689,0
DA:2699,0
DA:2701,0
DA:2704,0
DA:2705,0
DA:2706,0
DA:2707,0
DA:2717,0
DA:2719,0
DA:2722,0
DA:2723,0
DA:2724,0
DA:2725,0
DA:2744,0
DA:2745,0
DA:2746,0
DA:2747,0
DA:2749,0
DA:2752,0
DA:2753,0
DA:2754,0
DA:2755,0
DA:2756,0
DA:2758,0
DA:2759,0
DA:2760,0
DA:2763,0
DA:2764,0
DA:2765,0
DA:2766,0
DA:2769,0
DA:2770,0
DA:2771,0
DA:2772,0
DA:2774,0
DA:2775,0
DA:2776,0
DA:2792,0
DA:2793,0
DA:2794,0
DA:2795,0
DA:2798,0
DA:2800,0
DA:2803,0
DA:2806,0
DA:2809,0
DA:2810,0
DA:2815,0
DA:2816,0
DA:2817,0
DA:2818,0
DA:2823,0
DA:2824,0
DA:2827,0
DA:2829,0
DA:2833,0
DA:2836,0
DA:2839,0
DA:2840,0
DA:2841,0
DA:2842,0
DA:2843,0
DA:2844,0
DA:2850,0
DA:2851,0
DA:2860,0
DA:2861,0
DA:2865,0
DA:2866,0
DA:2871,0
DA:2877,0
DA:2883,0
DA:2884,0
DA:2885,0
DA:2886,0
DA:2888,0
DA:2889,0
DA:2891,0
DA:2892,0
DA:2893,0
DA:2894,0
DA:2895,0
DA:2897,0
DA:2899,0
DA:2900,0
DA:2902,0
DA:2903,0
DA:2904,0
DA:2905,0
DA:2907,0
DA:2910,0
DA:2911,0
DA:2914,0
DA:2915,0
DA:2916,0
DA:2919,0
DA:2920,0
DA:2921,0
DA:2934,0
DA:2935,0
DA:2937,0
DA:2938,0
DA:2939,0
DA:2940,0
DA:2941,0
DA:2945,0
DA:2946,0
DA:2948,0
DA:2949,0
DA:2957,0
DA:2959,0
DA:2961,0
DA:2965,0
DA:2966,0
DA:2967,0
DA:2968,0
DA:2969,0
DA:2971,0
DA:2973,0
DA:2975,0
DA:2981,0
DA:2990,0
DA:2991,0
DA:3001,0
DA:3002,0
DA:3003,0
DA:3006,0
DA:3028,0
DA:3029,0
DA:3030,0
DA:3032,0
DA:3033,0
DA:3036,0
DA:3039,0
DA:3041,0
DA:3042,0
DA:3048,0
DA:3050,0
DA:3051,0
DA:3060,0
DA:3062,0
DA:3063,0
DA:3064,0
DA:3065,0
DA:3070,0
DA:3071,0
DA:3073,0
DA:3075,0
DA:3076,0
DA:3078,0
DA:3079,0
DA:3085,0
DA:3088,0
DA:3089,0
DA:3090,0
DA:3091,0
DA:3092,0
DA:3093,0
DA:3094,0
DA:3095,0
DA:3099,0
DA:3101,0
DA:3102,0
DA:3109,0
DA:3111,0
DA:3112,0
DA:3121,0
DA:3122,0
DA:3123,0
DA:3124,0
DA:3125,0
DA:3127,0
DA:3129,0
DA:3130,0
DA:3131,0
DA:3132,0
DA:3133,0
DA:3137,0
DA:3139,0
DA:3140,0
DA:3149,0
DA:3150,0
DA:3152,0
DA:3153,0
DA:3154,0
DA:3155,0
DA:3156,0
DA:3160,0
DA:3162,0
DA:3163,0
DA:3164,0
DA:3165,0
DA:3166,0
DA:3168,0
DA:3169,0
DA:3174,0
DA:3176,0
DA:3177,0
DA:3179,0
DA:3182,0
DA:3183,0
DA:3184,0
DA:3186,0
DA:3187,0
DA:3188,0
DA:3189,0
DA:3190,0
DA:3192,0
DA:3193,0
DA:3194,0
DA:3197,0
DA:3198,0
DA:3199,0
DA:3204,0
DA:3205,0
DA:3206,0
DA:3212,0
DA:3213,0
DA:3215,0
DA:3216,0
DA:3217,0
DA:3227,0
DA:3228,0
DA:3229,0
DA:3230,0
DA:3237,0
DA:3238,0
DA:3239,0
DA:3242,0
DA:3245,0
DA:3246,0
DA:3247,0
DA:3248,0
DA:3253,0
DA:3256,0
DA:3259,0
DA:3260,0
DA:3261,0
DA:3262,0
DA:3263,0
DA:3276,0
DA:3278,0
DA:3279,0
DA:3280,0
DA:3282,0
DA:3283,0
DA:3284,0
DA:3285,0
DA:3298,0
DA:3299,0
DA:3300,0
DA:3301,0
DA:3302,0
DA:3303,0
DA:3307,0
DA:3308,0
DA:3309,0
DA:3310,0
DA:3311,0
DA:3316,0
DA:3317,0
DA:3322,0
DA:3323,0
DA:3326,0
DA:3327,0
DA:3328,0
DA:3329,0
DA:3330,0
DA:3331,0
DA:3332,0
DA:3333,0
DA:3336,0
DA:3337,0
DA:3338,0
DA:3340,0
DA:3343,0
DA:3346,0
DA:3347,0
DA:3348,0
DA:3351,0
DA:3352,0
DA:3353,0
DA:3354,0
DA:3359,0
DA:3360,0
DA:3361,0
DA:3363,0
DA:3365,0
DA:3367,0
DA:3375,0
DA:3376,0
DA:3377,0
DA:3378,0
DA:3379,0
DA:3380,0
DA:3382,0
DA:3383,0
DA:3384,0
DA:3385,0
DA:3386,0
DA:3388,0
DA:3390,0
DA:3391,0
DA:3392,0
DA:3393,0
DA:3394,0
DA:3395,0
DA:3397,0
DA:3400,0
DA:3401,0
DA:3404,0
DA:3405,0
DA:3406,0
DA:3409,0
DA:3410,0
DA:3411,0
DA:3423,0
DA:3424,0
DA:3426,0
DA:3436,0
DA:3438,0
DA:3439,0
DA:3451,0
DA:3454,0
DA:3455,0
DA:3456,0
DA:3457,0
DA:3458,0
DA:3462,0
DA:3463,0
DA:3470,0
DA:3471,0
DA:3473,0
DA:3483,0
DA:3484,0
DA:3485,0
DA:3486,0
DA:3500,0
DA:3501,0
DA:3503,0
DA:3504,0
DA:3505,0
DA:3506,0
DA:3508,0
DA:3510,0
DA:3511,0
DA:3512,0
DA:3513,0
DA:3514,0
DA:3516,0
DA:3517,0
DA:3519,0
DA:3521,0
DA:3523,0
DA:3526,0
DA:3527,0
DA:3528,0
DA:3532,0
DA:3533,0
DA:3534,0
DA:3536,0
DA:3537,0
DA:3541,0
DA:3542,0
DA:3543,0
DA:3544,0
DA:3549,0
DA:3553,0
DA:3554,0
DA:3556,0
DA:3557,0
DA:3558,0
DA:3559,0
DA:3565,0
DA:3567,0
DA:3568,0
DA:3569,0
DA:3570,0
DA:3579,0
DA:3594,0
DA:3595,0
DA:3598,0
DA:3599,0
DA:3600,0
DA:3601,0
DA:3602,0
DA:3606,0
DA:3607,0
DA:3614,0
DA:3615,0
DA:3616,0
DA:3617,0
DA:3618,0
DA:3634,0
DA:3635,0
DA:3636,0
DA:3640,0
DA:3643,0
DA:3649,0
DA:3650,0
DA:3653,0
DA:3654,0
DA:3655,0
DA:3671,0
DA:3673,0
DA:3676,0
DA:3677,0
DA:3679,0
DA:3682,0
DA:3684,0
DA:3686,0
DA:3687,0
DA:3715,0
DA:3720,0
DA:3724,0
DA:3728,0
DA:3729,0
DA:3730,0
DA:3733,0
DA:3735,0
DA:3736,0
DA:3739,0
DA:3741,0
DA:3744,0
DA:3745,0
DA:3746,0
DA:3747,0
DA:3753,0
DA:3755,0
DA:3756,0
DA:3758,0
DA:3759,0
DA:3765,0
DA:3779,0
DA:3780,0
DA:3782,0
DA:3784,0
DA:3785,0
DA:3787,0
DA:3788,0
DA:3790,0
DA:3792,0
DA:3796,0
DA:3797,0
DA:3799,0
DA:3800,0
DA:3803,0
DA:3806,0
DA:3809,0
DA:3812,0
DA:3815,0
DA:3818,0
DA:3821,0
DA:3828,0
DA:3834,0
DA:3835,0
DA:3837,0
DA:3838,0
DA:3839,0
DA:3841,0
DA:3843,0
DA:3844,0
DA:3847,0
DA:3848,0
DA:3849,0
DA:3850,0
DA:3851,0
DA:3854,0
DA:3855,0
DA:3856,0
DA:3862,0
DA:3869,0
DA:3871,0
DA:3872,0
DA:3883,0
DA:3884,0
DA:3885,0
DA:3890,0
DA:3891,0
DA:3892,0
DA:3895,0
DA:3899,0
DA:3900,0
DA:3903,0
DA:3904,0
DA:3908,0
DA:3911,0
DA:3912,0
DA:3916,0
DA:3918,0
DA:3921,0
DA:3923,0
DA:3926,0
DA:3927,0
DA:3928,0
DA:3931,0
DA:3933,0
DA:3934,0
DA:3936,0
DA:3938,0
DA:3939,0
DA:3940,0
DA:3944,0
DA:3945,0
DA:3947,0
DA:3949,0
DA:3956,0
DA:3957,0
DA:3974,0
DA:3975,0
DA:3976,0
DA:3978,0
DA:3979,0
DA:3981,0
DA:3985,0
DA:3986,0
DA:3987,0
DA:3988,0
DA:3990,0
DA:3995,0
DA:3996,0
DA:3999,0
DA:4001,0
DA:4004,0
DA:4005,0
DA:4006,0
DA:4009,0
DA:4010,0
DA:4011,0
DA:4017,0
DA:4019,0
DA:4020,0
DA:4021,0
DA:4026,0
DA:4027,0
DA:4036,0
DA:4047,0
DA:4049,0
DA:4051,0
DA:4053,0
DA:4055,0
DA:4062,0
DA:4063,0
DA:4064,0
DA:4065,0
DA:4066,0
DA:4073,0
DA:4074,0
DA:4075,0
DA:4077,0
DA:4078,0
DA:4081,0
DA:4082,0
DA:4085,0
DA:4086,0
DA:4088,0
DA:4092,0
DA:4094,0
DA:4095,0
DA:4096,0
DA:4097,0
DA:4098,0
DA:4102,0
DA:4104,0
DA:4105,0
DA:4107,0
DA:4108,0
DA:4114,0
DA:4123,0
DA:4125,0
DA:4126,0
DA:4136,0
DA:4138,0
DA:4141,0
DA:4144,0
DA:4145,0
DA:4146,0
DA:4148,0
DA:4149,0
DA:4150,0
DA:4151,0
DA:4158,0
DA:4159,0
DA:4160,0
DA:4161,0
DA:4164,0
DA:4165,0
DA:4166,0
DA:4170,0
DA:4172,0
DA:4175,0
DA:4177,0
DA:4178,0
DA:4181,0
DA:4182,0
DA:4184,0
DA:4187,0
DA:4188,0
DA:4190,0
DA:4191,0
DA:4194,0
DA:4195,0
DA:4197,0
DA:4200,0
DA:4201,0
DA:4210,0
DA:4211,0
DA:4213,0
DA:4218,0
DA:4220,0
DA:4221,0
DA:4223,0
DA:4227,0
DA:4229,0
DA:4230,0
DA:4243,0
DA:4244,0
DA:4245,0
DA:4246,0
DA:4249,0
DA:4255,0
DA:4256,0
DA:4257,0
DA:4258,0
DA:4273,0
DA:4274,0
DA:4275,0
DA:4277,0
DA:4278,0
DA:4279,0
DA:4280,0
DA:4286,0
DA:4287,0
DA:4288,0
DA:4294,0
DA:4297,0
DA:4299,0
DA:4301,0
DA:4302,0
DA:4303,0
DA:4308,0
DA:4309,0
DA:4310,0
DA:4311,0
DA:4313,0
DA:4317,0
DA:4328,0
DA:4329,0
DA:4330,0
DA:4331,0
DA:4335,0
DA:4336,0
DA:4337,0
DA:4338,0
DA:4340,0
DA:4345,0
DA:4347,0
DA:4350,0
DA:4351,0
DA:4352,0
DA:4354,0
DA:4355,0
DA:4356,0
DA:4357,0
DA:4363,0
DA:4364,0
DA:4365,0
DA:4367,0
DA:4370,0
DA:4371,0
DA:4372,0
DA:4374,0
DA:4375,0
DA:4376,0
DA:4377,0
DA:4378,0
DA:4379,0
DA:4380,0
DA:4381,0
DA:4387,0
DA:4388,0
DA:4389,0
DA:4390,0
DA:4391,0
DA:4399,0
DA:4401,0
DA:4402,0
DA:4404,0
DA:4406,0
DA:4407,0
DA:4408,0
DA:4409,0
DA:4417,0
DA:4418,0
DA:4419,0
DA:4421,0
DA:4422,0
DA:4423,0
DA:4426,0
DA:4427,0
DA:4428,0
DA:4431,0
DA:4440,0
DA:4444,0
DA:4445,0
DA:4446,0
DA:4447,0
DA:4449,0
DA:4450,0
DA:4451,0
DA:4452,0
DA:4455,0
DA:4456,0
DA:4457,0
DA:4458,0
DA:4461,0
DA:4464,0
DA:4465,0
DA:4466,0
DA:4467,0
DA:4471,0
DA:4473,0
DA:4474,0
DA:4478,0
DA:4479,0
DA:4481,0
DA:4483,0
DA:4485,0
DA:4486,0
DA:4495,0
DA:4497,0
DA:4499,0
DA:4501,0
DA:4503,0
DA:4510,0
DA:4511,0
DA:4512,0
DA:4514,0
DA:4516,0
DA:4517,0
DA:4518,0
DA:4519,0
DA:4520,0
DA:4521,0
DA:4523,0
DA:4524,0
DA:4527,0
DA:4528,0
DA:4531,0
DA:4532,0
DA:4533,0
DA:4535,0
DA:4539,0
DA:4540,0
DA:4541,0
DA:4542,0
DA:4543,0
DA:4544,0
DA:4545,0
DA:4546,0
DA:4549,0
DA:4550,0
DA:4554,0
DA:4556,0
DA:4557,0
DA:4560,0
DA:4561,0
DA:4562,0
DA:4568,0
DA:4569,0
DA:4570,0
DA:4571,0
DA:4572,0
DA:4574,0
DA:4575,0
DA:4577,0
DA:4584,0
DA:4585,0
DA:4589,0
DA:4591,0
DA:4593,0
DA:4596,0
DA:4602,0
DA:4604,0
DA:4607,0
DA:4610,0
DA:4611,0
DA:4615,0
DA:4617,0
DA:4618,0
DA:4621,0
DA:4623,0
DA:4624,0
DA:4625,0
DA:4626,0
DA:4627,0
DA:4628,0
DA:4629,0
DA:4630,0
DA:4636,0
DA:4637,0
DA:4638,0
DA:4640,0
DA:4641,0
DA:4642,0
DA:4644,0
DA:4646,0
DA:4651,0
DA:4652,0
DA:4653,0
DA:4660,0
DA:4661,0
DA:4662,0
DA:4664,0
DA:4666,0
DA:4668,0
DA:4683,0
DA:4686,0
DA:4687,0
DA:4688,0
DA:4694,0
DA:4695,0
DA:4699,0
DA:4700,0
DA:4704,0
DA:4705,0
DA:4711,0
DA:4712,0
DA:4713,0
DA:4715,0
DA:4718,0
DA:4719,0
DA:4720,0
DA:4721,0
DA:4722,0
DA:4723,0
DA:4724,0
DA:4727,0
DA:4728,0
DA:4730,0
DA:4731,0
DA:4740,0
DA:4741,0
DA:4748,0
DA:4751,0
DA:4757,0
DA:4758,0
DA:4760,0
DA:4761,0
DA:4762,0
DA:4764,0
DA:4767,0
DA:4768,0
DA:4769,0
DA:4770,0
DA:4771,0
DA:4772,0
DA:4773,0
DA:4774,0
DA:4776,0
DA:4777,0
DA:4778,0
DA:4780,0
DA:4781,0
DA:4784,0
DA:4785,0
DA:4787,0
DA:4788,0
DA:4789,0
DA:4790,0
DA:4791,0
DA:4792,0
DA:4793,0
DA:4799,0
DA:4801,0
DA:4802,0
DA:4804,0
DA:4806,0
DA:4807,0
DA:4808,0
DA:4816,0
DA:4818,0
DA:4819,0
DA:4824,0
DA:4826,0
DA:4827,0
DA:4830,0
DA:4831,0
DA:4832,0
DA:4837,0
DA:4840,0
DA:4841,0
DA:4842,0
DA:4847,0
DA:4850,0
DA:4851,0
DA:4852,0
DA:4875,0
DA:4878,0
DA:4879,0
DA:4880,0
DA:4886,0
DA:4888,0
DA:4896,0
DA:4905,0
DA:4917,0
DA:4925,0
DA:4926,0
DA:4927,0
DA:4933,0
DA:4934,0
DA:4935,0
DA:4936,0
DA:4939,0
DA:4940,0
DA:4941,0
DA:4942,0
LF:2015
LH:1
end_of_record
SF:lib/pages/host_payout_page.dart
DA:19,0
DA:24,0
DA:25,0
DA:46,0
DA:48,0
DA:49,0
DA:52,0
DA:54,0
DA:55,0
DA:56,0
DA:59,0
DA:60,0
DA:62,0
DA:63,0
DA:68,0
DA:69,0
DA:70,0
DA:71,0
DA:72,0
DA:74,0
DA:75,0
DA:76,0
DA:79,0
DA:80,0
DA:81,0
DA:82,0
DA:83,0
DA:86,0
DA:87,0
DA:88,0
DA:89,0
DA:91,0
DA:92,0
DA:93,0
DA:94,0
DA:95,0
DA:96,0
DA:98,0
DA:99,0
DA:100,0
DA:103,0
DA:106,0
DA:107,0
DA:108,0
DA:113,0
DA:114,0
DA:117,0
DA:118,0
DA:119,0
DA:122,0
DA:126,0
DA:127,0
DA:128,0
DA:129,0
DA:133,0
DA:134,0
DA:138,0
DA:139,0
DA:143,0
DA:144,0
DA:148,0
DA:149,0
DA:154,0
DA:156,0
DA:157,0
DA:161,0
DA:164,0
DA:165,0
DA:166,0
DA:167,0
DA:168,0
DA:169,0
DA:173,0
DA:174,0
DA:175,0
DA:179,0
DA:181,0
DA:182,0
DA:184,0
DA:185,0
DA:186,0
DA:189,0
DA:190,0
DA:194,0
DA:196,0
DA:198,0
DA:199,0
DA:202,0
DA:205,0
DA:207,0
DA:208,0
DA:210,0
DA:211,0
DA:212,0
DA:215,0
DA:216,0
DA:220,0
DA:222,0
DA:223,0
DA:226,0
DA:227,0
DA:228,0
DA:229,0
DA:231,0
DA:233,0
DA:247,0
DA:249,0
DA:257,0
DA:259,0
DA:263,0
DA:264,0
DA:265,0
DA:267,0
DA:270,0
DA:271,0
DA:272,0
DA:273,0
DA:274,0
DA:275,0
DA:278,0
DA:279,0
DA:280,0
DA:286,0
DA:291,0
DA:292,0
DA:294,0
DA:297,0
DA:298,0
DA:299,0
DA:301,0
DA:303,0
DA:304,0
DA:306,0
DA:309,0
DA:315,0
DA:316,0
DA:317,0
DA:318,0
DA:320,0
DA:326,0
DA:327,0
DA:329,0
DA:335,0
DA:336,0
DA:338,0
DA:350,0
DA:351,0
DA:353,0
DA:354,0
DA:355,0
DA:356,0
DA:357,0
DA:361,0
DA:363,0
DA:364,0
DA:370,0
DA:372,0
DA:375,0
DA:378,0
DA:380,0
DA:382,0
DA:390,0
DA:391,0
DA:393,0
DA:395,0
DA:397,0
DA:402,0
DA:404,0
DA:407,0
DA:409,0
DA:412,0
DA:414,0
DA:417,0
DA:423,0
DA:424,0
DA:426,0
DA:427,0
DA:428,0
DA:430,0
DA:432,0
DA:433,0
DA:435,0
DA:438,0
DA:442,0
DA:443,0
DA:445,0
DA:447,0
DA:451,0
[...]
DA:976,0
DA:981,0
DA:990,0
DA:991,0
DA:992,0
DA:993,0
DA:1019,0
DA:1020,0
DA:1021,0
DA:1031,0
DA:1034,0
DA:1036,0
DA:1037,0
DA:1038,0
DA:1039,0
DA:1040,0
DA:1044,0
DA:1045,0
DA:1048,0
DA:1049,0
DA:1050,0
DA:1075,0
DA:1078,0
DA:1079,0
DA:1080,0
DA:1081,0
DA:1082,0
DA:1083,0
DA:1084,0
DA:1096,0
DA:1098,0
DA:1100,0
DA:1101,0
DA:1103,0
DA:1104,0
DA:1105,0
DA:1107,0
DA:1108,0
DA:1111,0
DA:1113,0
DA:1116,0
DA:1117,0
DA:1118,0
DA:1122,0
DA:1125,0
DA:1139,0
DA:1141,0
DA:1143,0
DA:1147,0
DA:1149,0
DA:1158,0
DA:1169,0
DA:1171,0
DA:1172,0
DA:1176,0
DA:1177,0
DA:1178,0
DA:1179,0
DA:1180,0
DA:1181,0
DA:1182,0
DA:1183,0
DA:1185,0
DA:1193,0
DA:1195,0
DA:1196,0
DA:1198,0
DA:1200,0
DA:1201,0
DA:1202,0
DA:1203,0
DA:1205,0
DA:1207,0
DA:1210,0
DA:1211,0
DA:1212,0
DA:1221,0
DA:1222,0
DA:1223,0
DA:1225,0
DA:1227,0
DA:1230,0
DA:1231,0
DA:1233,0
DA:1234,0
DA:1239,0
DA:1240,0
DA:1251,0
DA:1252,0
DA:1265,0
DA:1266,0
DA:1267,0
DA:1273,0
DA:1274,0
DA:1277,0
DA:1278,0
DA:1281,0
DA:1282,0
DA:1283,0
DA:1284,0
DA:1287,0
DA:1288,0
DA:1289,0
DA:1293,0
DA:1294,0
DA:1295,0
DA:1298,0
DA:1300,0
DA:1301,0
DA:1304,0
DA:1307,0
DA:1308,0
DA:1309,0
DA:1310,0
DA:1311,0
DA:1314,0
DA:1320,0
DA:1323,0
DA:1324,0
DA:1325,0
DA:1329,0
DA:1332,0
DA:1335,0
DA:1336,0
DA:1337,0
DA:1339,0
DA:1340,0
DA:1341,0
DA:1343,0
LF:550
LH:0
end_of_record
SF:lib/pages/saved_events_page.dart
DA:32,0
DA:37,0
DA:39,0
DA:40,0
DA:41,0
DA:44,0
DA:45,0
DA:49,0
DA:50,0
DA:54,0
DA:59,9
DA:61,0
DA:62,0
DA:107,0
DA:109,0
DA:112,0
DA:118,0
DA:121,0
DA:124,0
DA:127,0
DA:130,0
DA:140,0
DA:143,0
DA:144,0
DA:145,0
DA:146,0
DA:147,0
DA:148,0
DA:153,0
DA:154,0
DA:155,0
DA:156,0
DA:163,0
DA:164,0
DA:169,0
DA:171,0
DA:173,0
DA:174,0
DA:175,0
DA:176,0
DA:180,0
DA:184,0
DA:185,0
DA:186,0
DA:187,0
DA:195,0
DA:197,0
DA:198,0
DA:202,0
DA:204,0
DA:206,0
DA:208,0
DA:210,0
DA:214,0
DA:216,0
DA:217,0
DA:220,0
DA:223,0
DA:226,0
DA:228,0
DA:232,0
DA:233,0
DA:234,0
DA:235,0
DA:239,0
DA:241,0
DA:243,0
DA:246,0
DA:248,0
DA:250,0
DA:251,0
DA:252,0
DA:253,0
DA:254,0
DA:258,0
DA:259,0
DA:264,0
DA:266,0
DA:268,0
DA:269,0
DA:270,0
DA:271,0
DA:272,0
DA:275,0
DA:278,0
DA:279,0
DA:280,0
DA:281,0
DA:289,0
DA:291,0
DA:292,0
DA:296,0
DA:299,0
DA:301,0
DA:303,0
DA:305,0
DA:306,0
DA:307,0
DA:308,0
DA:309,0
DA:313,0
DA:314,0
DA:315,0
DA:316,0
DA:320,0
DA:321,0
DA:322,0
DA:323,0
DA:327,0
DA:328,0
DA:329,0
DA:330,0
DA:335,0
DA:338,0
DA:342,0
DA:343,0
DA:346,0
DA:347,0
DA:349,0
DA:350,0
DA:353,0
DA:356,0
DA:360,0
DA:361,0
DA:362,0
DA:366,0
DA:368,0
DA:371,0
DA:374,0
DA:378,0
DA:379,0
DA:380,0
DA:381,0
DA:387,0
DA:389,0
DA:391,0
DA:392,0
DA:396,0
DA:397,0
DA:398,0
DA:400,0
DA:401,0
DA:402,0
DA:403,0
DA:408,0
DA:411,0
DA:413,0
DA:414,0
DA:417,0
DA:418,0
DA:422,0
DA:425,0
DA:426,0
DA:427,0
DA:428,0
DA:429,0
DA:436,0
DA:437,0
DA:440,0
DA:441,0
DA:443,0
DA:447,0
DA:448,0
DA:450,0
DA:451,0
DA:457,0
DA:458,0
DA:459,0
DA:461,0
DA:462,0
DA:463,0
DA:465,0
DA:466,0
DA:467,0
DA:468,0
DA:471,0
DA:474,0
DA:475,0
DA:478,0
DA:479,0
DA:484,0
DA:485,0
DA:486,0
DA:487,0
DA:491,0
DA:493,0
DA:497,0
DA:498,0
DA:499,0
DA:500,0
DA:501,0
DA:502,0
DA:503,0
DA:505,0
DA:508,0
DA:509,0
DA:510,0
DA:511,0
DA:512,0
DA:515,0
DA:516,0
DA:518,0
DA:519,0
DA:526,0
DA:529,0
DA:531,0
DA:533,0
DA:536,0
DA:537,0
DA:538,0
DA:542,0
DA:543,0
DA:545,0
DA:547,0
DA:548,0
DA:549,0
DA:550,0
DA:551,0
DA:557,0
DA:558,0
DA:561,0
DA:565,0
DA:567,0
DA:570,0
DA:571,0
DA:575,0
DA:578,0
DA:579,0
DA:580,0
DA:583,0
DA:585,0
DA:588,0
DA:591,0
DA:592,0
DA:596,0
DA:597,0
DA:601,0
DA:604,0
DA:605,0
DA:610,0
DA:611,0
DA:615,0
DA:618,0
DA:619,0
DA:623,0
DA:625,0
DA:627,0
DA:632,0
DA:633,0
DA:634,0
DA:636,0
DA:637,0
DA:643,0
DA:644,0
DA:645,0
DA:651,0
DA:652,0
DA:653,0
DA:654,0
DA:656,0
DA:657,0
DA:658,0
DA:659,0
DA:663,0
DA:665,0
DA:666,0
DA:667,0
DA:668,0
DA:669,0
DA:670,0
DA:671,0
DA:676,0
DA:678,0
DA:679,0
DA:682,0
DA:684,0
DA:685,0
DA:687,0
DA:688,0
DA:693,0
DA:694,0
DA:695,0
DA:697,0
DA:698,0
DA:699,0
DA:700,0
DA:701,0
DA:707,0
DA:708,0
DA:719,0
DA:720,0
DA:721,0
DA:726,0
DA:727,0
DA:728,0
DA:729,0
DA:730,0
DA:731,0
DA:732,0
DA:733,0
DA:735,0
DA:737,0
DA:738,0
DA:739,0
DA:742,0
DA:745,0
DA:753,0
DA:754,0
DA:756,0
DA:757,0
DA:758,0
DA:759,0
DA:760,0
DA:762,0
DA:763,0
DA:764,0
DA:765,0
DA:767,0
DA:768,0
DA:770,0
DA:771,0
DA:773,0
DA:774,0
DA:776,0
DA:777,0
DA:784,0
DA:786,0
DA:789,0
DA:795,0
DA:800,0
DA:801,0
DA:802,0
DA:809,0
DA:810,0
DA:811,0
DA:816,0
DA:817,0
DA:818,0
DA:821,0
DA:822,0
DA:823,0
DA:829,0
DA:830,0
DA:831,0
DA:832,0
DA:835,0
DA:836,0
DA:837,0
DA:845,0
DA:847,0
DA:849,0
DA:851,0
DA:863,0
DA:865,0
DA:873,0
DA:874,0
DA:876,0
DA:879,0
DA:881,0
DA:882,0
DA:883,0
DA:884,0
DA:887,0
DA:888,0
DA:889,0
DA:893,0
DA:894,0
DA:895,0
DA:898,0
DA:905,0
DA:907,0
DA:908,0
DA:911,0
DA:912,0
DA:913,0
DA:914,0
DA:928,0
DA:929,0
DA:931,0
DA:932,0
DA:933,0
DA:935,0
DA:940,0
DA:941,0
DA:942,0
DA:943,0
DA:945,0
DA:946,0
DA:947,0
DA:948,0
DA:949,0
DA:950,0
DA:951,0
DA:952,0
DA:953,0
DA:956,0
DA:957,0
DA:958,0
DA:959,0
DA:978,0
DA:979,0
DA:980,0
DA:982,0
DA:983,0
DA:986,0
DA:989,0
DA:991,0
DA:994,0
DA:998,0
DA:1000,0
DA:1002,0
DA:1010,0
DA:1011,0
DA:1012,0
DA:1014,0
DA:1015,0
DA:1016,0
DA:1018,0
DA:1021,0
DA:1022,0
DA:1026,0
DA:1027,0
DA:1031,0
DA:1034,0
DA:1037,0
DA:1038,0
DA:1042,0
DA:1044,0
DA:1046,0
DA:1047,0
DA:1049,0
DA:1059,0
DA:1060,0
DA:1062,0
DA:1063,0
DA:1064,0
DA:1075,0
DA:1077,0
DA:1080,0
DA:1085,0
DA:1087,0
DA:1089,0
DA:1091,0
DA:1092,0
DA:1093,0
DA:1094,0
DA:1102,0
DA:1104,0
DA:1105,0
DA:1106,0
DA:1107,0
DA:1120,0
DA:1122,0
DA:1125,0
DA:1127,0
DA:1129,0
DA:1131,0
DA:1132,0
DA:1133,0
DA:1134,0
DA:1136,0
DA:1137,0
DA:1138,0
DA:1142,0
DA:1144,0
DA:1145,0
DA:1146,0
DA:1147,0
DA:1148,0
DA:1149,0
DA:1152,0
DA:1153,0
DA:1154,0
DA:1160,0
DA:1162,0
DA:1163,0
DA:1165,0
DA:1167,0
DA:1169,0
DA:1171,0
DA:1172,0
DA:1173,0
DA:1174,0
DA:1175,0
DA:1176,0
DA:1185,0
DA:1186,0
DA:1199,0
DA:1200,0
DA:1207,0
DA:1208,0
DA:1221,0
DA:1226,0
DA:1227,0
DA:1228,0
DA:1229,0
DA:1236,0
DA:1237,0
DA:1238,0
DA:1263,0
DA:1265,0
DA:1267,0
DA:1269,0
DA:1271,0
DA:1272,0
DA:1279,0
DA:1280,0
DA:1293,0
DA:1294,0
DA:1296,0
DA:1297,0
DA:1299,0
DA:1300,0
DA:1301,0
DA:1302,0
DA:1303,0
DA:1308,0
DA:1310,0
DA:1312,0
DA:1313,0
DA:1314,0
DA:1316,0
DA:1317,0
DA:1333,0
DA:1334,0
DA:1336,0
DA:1337,0
DA:1339,0
DA:1340,0
DA:1341,0
DA:1342,0
DA:1344,0
DA:1346,0
DA:1348,0
DA:1349,0
DA:1350,0
DA:1351,0
DA:1395,0
DA:1396,0
DA:1400,0
DA:1401,0
DA:1404,0
DA:1407,0
DA:1410,0
DA:1413,0
DA:1418,0
DA:1420,0
DA:1421,0
DA:1424,0
DA:1426,0
DA:1429,0
DA:1430,0
DA:1431,0
DA:1432,0
DA:1438,0
DA:1440,0
DA:1441,0
DA:1448,0
DA:1449,0
DA:1461,0
DA:1462,0
DA:1464,0
DA:1465,0
DA:1466,0
DA:1490,0
DA:1491,0
DA:1492,0
DA:1495,0
DA:1496,0
DA:1497,0
DA:1499,0
DA:1500,0
DA:1501,0
DA:1510,0
DA:1514,0
DA:1516,0
DA:1517,0
DA:1519,0
DA:1521,0
DA:1522,0
DA:1523,0
DA:1533,0
DA:1535,0
DA:1537,0
DA:1538,0
DA:1539,0
DA:1547,0
DA:1549,0
DA:1551,0
DA:1552,0
DA:1553,0
DA:1569,0
DA:1570,0
DA:1571,0
DA:1573,0
DA:1574,0
DA:1578,0
DA:1579,0
DA:1580,0
DA:1581,0
DA:1582,0
DA:1595,0
DA:1597,0
DA:1599,0
DA:1602,0
DA:1604,0
DA:1605,0
DA:1608,0
DA:1609,0
DA:1610,0
DA:1616,0
DA:1617,0
DA:1618,0
DA:1619,0
DA:1620,0
DA:1622,0
DA:1623,0
DA:1625,0
DA:1630,0
DA:1632,0
DA:1633,0
DA:1635,0
DA:1639,0
DA:1640,0
DA:1641,0
DA:1652,0
DA:1653,0
DA:1654,0
DA:1655,0
DA:1656,0
DA:1659,0
DA:1661,0
DA:1669,0
DA:1671,0
DA:1672,0
DA:1674,0
DA:1676,0
DA:1678,0
DA:1679,0
DA:1680,0
DA:1681,0
DA:1683,0
DA:1685,0
DA:1686,0
DA:1687,0
DA:1688,0
DA:1694,0
DA:1695,0
DA:1699,0
DA:1700,0
DA:1701,0
DA:1702,0
DA:1703,0
DA:1704,0
DA:1709,0
DA:1710,0
DA:1714,0
DA:1718,0
DA:1719,0
DA:1722,0
DA:1723,0
DA:1724,0
DA:1725,0
DA:1726,0
DA:1727,0
DA:1733,0
DA:1734,0
DA:1751,0
DA:1754,0
DA:1755,0
DA:1756,0
DA:1775,0
DA:1780,0
DA:1781,0
DA:1785,0
DA:1787,0
DA:1788,0
DA:1791,0
LF:678
LH:1
end_of_record
SF:lib/utils/connectivity_service.dart
DA:9,0
DA:10,0
DA:13,0
DA:14,0
DA:24,0
DA:25,0
DA:28,0
DA:29,0
DA:31,0
DA:35,0
DA:37,0
DA:38,0
DA:40,0
DA:41,0
DA:42,0
DA:47,0
DA:48,0
DA:50,0
DA:52,0
DA:53,0
DA:54,0
DA:56,0
DA:59,0
DA:61,0
DA:65,0
DA:66,0
DA:68,0
DA:69,0
DA:70,0
DA:75,0
DA:76,0
DA:77,0
DA:78,0
DA:83,0
DA:85,0
DA:86,0
DA:87,0
DA:89,0
DA:94,0
DA:96,0
DA:97,0
DA:98,0
DA:99,0
DA:101,0
DA:106,0
DA:107,0
DA:109,0
DA:115,0
DA:117,0
DA:118,0
DA:119,0
DA:121,0
DA:127,0
DA:128,0
DA:129,0
DA:133,0
DA:137,0
DA:141,0
DA:145,0
DA:147,0
DA:148,0
LF:61
LH:0
end_of_record
SF:lib/utils/event_cache_service.dart
DA:10,0
DA:11,0
DA:14,0
DA:23,0
DA:25,0
DA:28,0
DA:29,0
DA:32,0
DA:35,0
DA:36,0
DA:38,0
DA:41,0
DA:47,0
DA:48,0
DA:51,0
DA:54,0
DA:55,0
DA:58,0
DA:59,0
DA:63,0
DA:64,0
DA:66,0
DA:69,0
DA:75,0
DA:77,0
DA:78,0
DA:79,0
DA:82,0
DA:88,0
DA:90,0
DA:91,0
DA:92,0
DA:94,0
DA:95,0
DA:98,0
DA:101,0
DA:103,0
DA:105,0
DA:107,0
DA:111,0
DA:114,0
DA:115,0
DA:120,0
DA:122,0
DA:123,0
DA:124,0
DA:127,0
DA:131,0
DA:132,0
DA:134,0
DA:137,0
DA:138,0
DA:143,0
DA:144,0
DA:146,0
DA:147,0
DA:148,0
DA:151,0
DA:153,0
DA:156,0
DA:157,0
DA:159,0
DA:165,0
DA:167,0
DA:168,0
DA:169,0
DA:171,0
DA:172,0
DA:177,0
DA:179,0
DA:180,0
DA:181,0
DA:183,0
DA:184,0
DA:187,0
DA:188,0
DA:190,0
DA:195,0
DA:197,0
DA:198,0
DA:202,0
DA:203,0
DA:205,0
DA:207,0
DA:213,0
DA:214,0
DA:215,0
DA:217,0
DA:218,0
DA:219,0
DA:221,0
DA:223,0
DA:224,0
DA:225,0
DA:228,0
DA:230,0
DA:231,0
DA:232,0
DA:235,0
DA:237,0
DA:238,0
DA:239,0
DA:240,0
DA:241,0
DA:242,0
DA:243,0
DA:247,0
DA:250,0
DA:252,0
DA:257,0
DA:263,0
DA:264,0
DA:266,0
DA:267,0
DA:268,0
DA:270,0
DA:271,0
DA:272,0
DA:273,0
DA:274,0
DA:275,0
DA:277,0
DA:278,0
DA:279,0
DA:280,0
DA:283,0
DA:285,0
DA:286,0
DA:287,0
DA:288,0
DA:289,0
DA:290,0
DA:291,0
DA:292,0
DA:293,0
DA:296,0
DA:299,0
DA:302,0
DA:304,0
DA:312,0
DA:314,0
DA:315,0
DA:317,0
DA:322,0
DA:324,0
DA:325,0
DA:326,0
DA:327,0
DA:328,0
DA:330,0
DA:340,0
DA:342,0
DA:343,0
DA:345,0
DA:346,0
DA:351,0
LF:156
LH:0
end_of_record
SF:lib/utils/dev_ui_settings.dart
DA:7,0
DA:9,0
DA:15,0
DA:17,0
DA:19,0
DA:21,0
DA:23,0
DA:24,0
DA:25,0
DA:26,0
DA:29,0
DA:30,0
DA:31,0
DA:32,0
DA:35,0
DA:36,0
DA:37,0
DA:38,0
DA:41,0
DA:42,0
DA:43,0
DA:44,0
DA:47,0
DA:48,0
DA:49,0
DA:50,0
DA:53,0
DA:55,0
DA:63,0
DA:64,0
DA:67,0
DA:71,0
DA:72,0
DA:73,0
DA:74,0
DA:77,0
DA:78,0
DA:79,0
DA:80,0
DA:83,0
DA:84,0
DA:85,0
DA:86,0
DA:89,0
DA:90,0
DA:91,0
DA:92,0
DA:95,0
DA:96,0
DA:97,0
DA:98,0
DA:100,0
DA:101,0
DA:102,0
LF:54
LH:0
end_of_record
SF:lib/main.dart
DA:54,0
DA:56,0
DA:60,0
DA:61,0
DA:71,0
DA:72,0
DA:73,0
DA:76,0
DA:77,0
DA:81,0
DA:82,0
DA:86,0
DA:88,0
DA:89,0
DA:100,0
DA:104,0
DA:108,0
DA:111,0
DA:114,0
DA:117,0
DA:121,0
DA:127,0
DA:129,0
DA:135,0
DA:138,0
DA:140,0
DA:145,0
DA:147,0
DA:149,0
DA:151,0
DA:152,0
DA:153,0
DA:154,0
DA:155,0
DA:156,0
DA:161,0
DA:163,0
DA:164,0
DA:165,0
DA:166,0
DA:168,0
DA:174,0
DA:181,0
DA:184,0
DA:187,0
DA:188,0
DA:191,0
DA:194,0
DA:198,0
DA:205,0
DA:208,0
DA:212,0
DA:217,0
DA:222,0
DA:231,0
DA:240,0
DA:241,0
DA:243,0
DA:248,0
DA:252,0
DA:253,0
DA:259,0
DA:261,0
DA:267,0
DA:268,0
DA:274,0
DA:275,0
DA:276,0
DA:277,0
DA:278,0
DA:282,0
DA:284,0
DA:285,0
DA:286,0
DA:287,0
DA:288,0
DA:290,0
DA:296,0
DA:297,0
DA:299,0
DA:300,0
DA:304,0
DA:309,0
DA:310,0
DA:312,0
DA:318,0
DA:319,0
DA:321,0
DA:326,0
DA:329,0
DA:332,0
DA:334,0
DA:340,2
DA:344,0
DA:345,0
DA:362,0
DA:364,0
DA:369,0
DA:371,0
DA:378,0
DA:386,0
DA:388,0
DA:389,0
DA:390,0
DA:391,0
DA:394,0
DA:395,0
DA:396,0
DA:397,0
DA:398,0
DA:400,0
DA:404,0
DA:407,0
DA:408,0
DA:410,0
DA:412,0
DA:423,0
DA:424,0
DA:430,0
DA:431,0
DA:433,0
DA:435,0
DA:444,0
DA:445,0
DA:446,0
DA:447,0
DA:448,0
DA:449,0
DA:453,0
DA:456,0
DA:457,0
DA:459,0
DA:461,0
DA:467,0
DA:468,0
DA:474,0
DA:475,0
DA:477,0
DA:479,0
DA:488,0
DA:489,0
DA:490,0
DA:491,0
DA:492,0
DA:493,0
DA:495,0
DA:498,0
DA:499,0
DA:500,0
DA:505,0
DA:507,0
DA:511,0
DA:514,0
DA:517,0
DA:519,0
DA:524,0
DA:525,0
DA:526,0
DA:532,0
DA:533,0
DA:539,0
DA:545,0
DA:548,0
DA:550,0
DA:551,0
DA:552,0
DA:553,0
DA:558,0
DA:559,0
DA:562,0
DA:565,0
DA:566,0
DA:573,0
DA:579,0
DA:582,0
DA:586,0
DA:590,0
DA:592,0
DA:596,0
DA:599,0
DA:601,0
DA:607,0
DA:609,0
DA:610,0
DA:611,0
DA:615,0
DA:616,0
DA:617,0
DA:621,0
DA:623,0
DA:624,0
DA:625,0
DA:626,0
DA:627,0
DA:628,0
DA:629,0
DA:630,0
DA:634,0
DA:641,0
DA:643,0
DA:646,0
DA:653,0
DA:654,0
DA:660,0
DA:662,0
DA:663,0
DA:664,0
DA:665,0
DA:669,0
DA:671,0
DA:680,0
DA:681,0
DA:682,0
DA:684,0
DA:686,0
DA:687,0
DA:694,0
DA:695,0
DA:700,0
DA:701,0
DA:710,0
DA:712,0
DA:713,0
DA:717,0
DA:720,0
DA:721,0
DA:722,0
DA:724,0
DA:728,0
DA:740,0
DA:741,0
DA:742,0
DA:743,0
DA:744,0
DA:748,0
DA:749,0
DA:750,0
DA:752,0
DA:753,0
DA:761,0
DA:763,0
DA:764,0
DA:765,0
DA:770,0
DA:784,0
DA:785,0
DA:787,0
DA:788,0
DA:790,0
DA:792,0
DA:793,0
DA:794,0
DA:799,0
DA:801,0
DA:802,0
DA:810,0
DA:822,0
DA:829,0
DA:831,0
DA:833,0
DA:834,0
DA:836,0
DA:850,0
DA:851,0
DA:852,0
DA:853,0
DA:854,0
DA:856,0
DA:859,0
DA:860,0
DA:861,0
DA:862,0
DA:863,0
DA:864,0
DA:865,0
DA:866,0
DA:869,0
DA:871,0
DA:872,0
DA:873,0
DA:874,0
DA:889,0
DA:890,0
DA:891,0
DA:892,0
DA:893,0
DA:895,0
DA:898,0
DA:899,0
DA:900,0
DA:901,0
DA:902,0
DA:903,0
DA:904,0
DA:905,0
DA:908,0
DA:910,0
DA:911,0
DA:912,0
DA:913,0
DA:928,0
DA:929,0
DA:930,0
DA:932,0
DA:933,0
DA:935,0
DA:938,0
DA:939,0
DA:940,0
DA:942,0
DA:943,0
DA:944,0
DA:945,0
DA:947,0
DA:948,0
DA:949,0
DA:950,0
DA:951,0
DA:954,0
DA:957,0
DA:958,0
DA:959,0
DA:974,0
DA:975,0
DA:976,0
DA:977,0
DA:978,0
DA:979,0
DA:980,0
DA:982,0
DA:983,0
DA:984,0
DA:985,0
DA:986,0
DA:987,0
DA:994,0
DA:995,0
DA:996,0
DA:1019,0
DA:1021,0
DA:1035,0
DA:1036,0
DA:1038,0
DA:1040,0
DA:1042,0
DA:1044,0
DA:1045,0
DA:1046,0
DA:1060,0
DA:1071,0
LF:350
LH:1
end_of_record
SF:lib/api/firebase_options.dart
DA:18,0
DA:22,0
DA:23,0
DA:25,0
DA:27,0
DA:29,0
DA:30,0
DA:34,0
DA:35,0
DA:40,0
LF:10
LH:0
end_of_record
SF:lib/api/notification_service.dart
DA:12,0
DA:13,0
DA:39,0
DA:41,0
DA:42,0
DA:46,0
DA:49,0
DA:62,0
DA:64,0
DA:65,0
DA:71,0
DA:72,0
DA:74,0
DA:78,0
DA:80,0
DA:82,0
DA:86,0
DA:87,0
DA:88,0
DA:89,0
DA:90,0
DA:93,0
DA:95,0
DA:102,0
DA:107,0
DA:108,0
DA:109,0
DA:111,0
DA:112,0
DA:113,0
DA:114,0
DA:115,0
DA:117,0
DA:118,0
DA:119,0
DA:120,0
DA:121,0
DA:123,0
DA:124,0
DA:125,0
DA:126,0
DA:127,0
DA:132,0
DA:134,0
DA:137,0
DA:138,0
DA:145,0
DA:156,0
DA:157,0
DA:167,0
DA:178,0
DA:179,0
DA:189,0
DA:199,0
DA:200,0
DA:210,0
DA:211,0
DA:214,0
DA:217,0
DA:218,0
DA:220,0
DA:221,0
DA:224,0
DA:225,0
DA:226,0
DA:227,0
DA:229,0
DA:236,0
DA:237,0
DA:238,0
DA:239,0
DA:241,0
DA:248,0
DA:252,0
DA:253,0
DA:255,0
DA:256,0
DA:258,0
DA:263,0
DA:264,0
DA:265,0
DA:266,0
DA:269,0
DA:273,0
DA:274,0
DA:275,0
DA:276,0
DA:279,0
DA:280,0
DA:281,0
DA:282,0
DA:286,0
DA:290,0
DA:291,0
DA:292,0
DA:293,0
DA:297,0
DA:298,0
DA:299,0
DA:302,0
DA:303,0
DA:310,0
DA:311,0
DA:313,0
LF:104
LH:0
end_of_record
SF:lib/api/stripe_config.dart
DA:19,0
LF:1
LH:0
end_of_record
SF:lib/common/error_boundary.dart
DA:19,1
DA:27,0
DA:28,0
DA:35,0
DA:37,0
DA:39,0
DA:40,0
DA:41,0
DA:42,0
DA:44,0
DA:48,0
DA:50,0
DA:51,0
DA:55,0
DA:57,0
DA:58,0
DA:62,0
DA:63,0
DA:64,0
DA:65,0
DA:67,0
DA:69,0
DA:84,0
DA:86,0
DA:87,0
DA:88,0
DA:89,0
DA:91,0
DA:102,0
DA:103,0
DA:104,0
DA:108,0
DA:113,0
LF:33
LH:1
end_of_record
SF:lib/common/private_event_dialog.dart
DA:8,0
DA:15,0
DA:16,0
DA:23,0
DA:25,0
DA:26,0
DA:29,0
DA:31,0
DA:33,0
DA:34,0
DA:36,0
DA:38,0
DA:40,0
DA:41,0
DA:42,0
DA:44,0
DA:45,0
DA:46,0
DA:47,0
DA:48,0
DA:50,0
DA:55,0
DA:57,0
DA:58,0
DA:59,0
DA:62,0
DA:63,0
DA:75,0
DA:76,0
DA:77,0
DA:81,0
DA:82,0
DA:83,0
DA:84,0
DA:85,0
LF:35
LH:0
end_of_record
SF:lib/utils/error_handler.dart
DA:11,0
DA:21,0
DA:23,0
DA:24,0
DA:29,0
DA:30,0
DA:31,0
DA:36,0
DA:38,0
DA:39,0
DA:42,0
DA:47,0
DA:55,0
DA:62,0
DA:66,0
DA:73,0
DA:80,0
DA:83,0
DA:84,0
DA:85,0
DA:86,0
DA:87,0
DA:89,0
DA:91,0
DA:92,0
DA:93,0
DA:94,0
DA:96,0
DA:98,0
DA:99,0
DA:100,0
DA:111,0
DA:117,0
DA:119,0
DA:120,0
DA:121,0
DA:124,0
DA:125,0
DA:130,0
DA:133,0
DA:135,0
DA:138,0
DA:139,0
DA:148,0
DA:150,0
DA:153,0
DA:156,0
DA:158,0
DA:159,0
DA:165,0
DA:166,0
DA:176,0
DA:177,0
DA:178,0
DA:179,0
DA:181,0
DA:183,0
DA:205,0
DA:206,0
DA:210,0
DA:212,0
DA:224,0
DA:226,0
DA:232,0
DA:240,0
DA:244,0
DA:249,0
LF:67
LH:0
end_of_record
SF:lib/pages/main_nav.dart
DA:33,0
DA:38,0
DA:39,0
DA:61,0
DA:66,0
DA:67,0
DA:68,0
DA:69,0
DA:70,0
DA:73,0
DA:74,0
DA:77,0
DA:78,0
DA:79,0
DA:81,0
DA:84,0
DA:85,0
DA:86,0
DA:87,0
DA:88,0
DA:90,0
DA:92,0
DA:93,0
DA:95,0
DA:97,0
DA:98,0
DA:100,0
DA:104,0
DA:106,0
DA:107,0
DA:108,0
DA:110,0
DA:114,0
DA:115,0
DA:116,0
DA:120,0
DA:121,0
DA:123,0
DA:126,0
DA:128,0
DA:131,0
DA:133,0
DA:134,0
DA:135,0
DA:136,0
DA:137,0
DA:140,0
DA:141,0
DA:143,0
DA:150,0
DA:151,0
DA:152,0
DA:153,0
DA:155,0
DA:156,0
DA:157,0
DA:158,0
DA:160,0
DA:169,0
DA:170,0
DA:171,0
DA:174,0
DA:175,0
DA:176,0
DA:177,0
DA:179,0
DA:180,0
DA:181,0
DA:183,0
DA:190,0
DA:191,0
DA:195,0
DA:196,0
DA:198,0
DA:199,0
DA:204,0
DA:205,0
DA:209,0
DA:210,0
DA:211,0
DA:213,0
DA:214,0
DA:215,0
DA:216,0
DA:222,0
DA:223,0
DA:224,0
DA:231,0
DA:232,0
DA:233,0
DA:235,0
DA:238,0
DA:239,0
DA:240,0
DA:242,0
DA:244,0
DA:245,0
DA:247,0
DA:248,0
DA:249,0
DA:250,0
DA:251,0
DA:255,0
DA:256,0
DA:257,0
DA:258,0
DA:261,0
DA:263,0
DA:264,0
DA:266,0
DA:267,0
DA:268,0
DA:270,0
DA:273,0
DA:274,0
DA:276,0
DA:282,0
DA:283,0
DA:290,0
DA:291,0
DA:292,0
DA:293,0
DA:295,0
DA:296,0
DA:297,0
DA:298,0
DA:300,0
DA:301,0
DA:302,0
DA:304,0
DA:311,0
DA:314,0
DA:316,0
DA:317,0
DA:322,0
DA:323,0
DA:324,0
DA:326,0
DA:327,0
DA:328,0
DA:329,0
DA:331,0
DA:332,0
DA:333,0
DA:334,0
DA:335,0
DA:337,0
DA:338,0
DA:339,0
DA:348,0
DA:353,0
DA:354,0
DA:359,0
DA:362,0
DA:364,0
DA:365,0
DA:366,0
DA:367,0
DA:368,0
DA:369,0
DA:370,0
DA:373,0
DA:375,0
DA:376,0
DA:380,0
DA:381,0
DA:382,0
DA:383,0
DA:385,0
DA:386,0
DA:387,0
DA:389,0
DA:399,0
DA:401,0
DA:402,0
DA:405,0
DA:409,0
DA:411,0
DA:412,0
DA:417,0
DA:419,0
DA:420,0
DA:421,0
DA:422,0
DA:423,0
DA:425,0
DA:426,0
DA:427,0
DA:428,0
DA:429,0
DA:431,0
DA:432,0
DA:434,0
DA:435,0
DA:443,0
DA:444,0
DA:445,0
DA:447,0
DA:449,0
DA:456,0
DA:458,0
DA:459,0
DA:463,0
DA:464,0
DA:465,0
DA:466,0
DA:468,0
DA:469,0
DA:470,0
DA:471,0
DA:476,0
DA:477,0
DA:479,0
DA:484,0
DA:485,0
DA:487,0
DA:488,0
DA:490,0
DA:494,0
DA:495,0
DA:497,0
DA:502,0
DA:503,0
DA:504,0
DA:505,0
DA:506,0
DA:508,0
DA:512,0
DA:521,0
DA:522,0
DA:524,0
DA:525,0
DA:529,0
DA:530,0
DA:531,0
DA:534,0
DA:536,0
DA:537,0
DA:538,0
DA:539,0
DA:545,0
DA:547,0
DA:555,0
DA:558,0
DA:559,0
DA:561,0
DA:569,0
DA:571,0
DA:572,0
DA:580,0
DA:584,0
DA:585,0
DA:586,0
DA:587,0
DA:588,0
DA:592,0
DA:594,0
DA:596,0
DA:597,0
DA:598,0
DA:602,0
DA:603,0
DA:604,0
DA:612,0
DA:615,0
DA:616,0
DA:618,0
DA:623,0
DA:627,0
DA:628,0
DA:629,0
DA:630,0
DA:636,0
DA:637,0
DA:638,0
DA:639,0
DA:640,0
DA:642,0
DA:643,0
DA:645,0
DA:646,0
DA:652,0
DA:653,0
DA:655,0
DA:658,0
DA:659,0
DA:660,0
DA:661,0
DA:663,0
DA:667,0
DA:669,0
DA:692,0
DA:693,0
DA:694,0
DA:695,0
DA:697,0
DA:698,0
DA:699,0
DA:701,0
DA:704,0
DA:706,0
DA:707,0
DA:708,0
DA:716,0
DA:725,0
DA:726,0
DA:728,0
DA:729,0
DA:732,0
LF:309
LH:0
end_of_record
SF:lib/providers/platform_provider.dart
DA:17,0
DA:19,0
DA:20,0
DA:21,0
DA:25,0
DA:26,0
DA:27,0
DA:28,0
DA:31,0
DA:33,0
DA:35,0
DA:36,0
DA:37,0
DA:39,0
DA:40,0
DA:41,0
DA:42,0
DA:43,0
DA:44,0
DA:45,0
DA:48,0
DA:53,0
DA:54,0
DA:56,0
DA:64,0
DA:65,0
DA:66,0
DA:67,0
DA:68,0
DA:75,0
DA:80,0
DA:81,0
DA:85,0
DA:86,0
DA:87,0
DA:88,0
DA:96,0
DA:99,0
LF:38
LH:0
end_of_record
SF:lib/utils/web_utils.dart
DA:8,0
DA:9,0
DA:13,0
DA:18,0
DA:23,0
DA:28,0
LF:6
LH:0
end_of_record
SF:lib/utils/performance_optimizer.dart
DA:17,0
DA:20,0
DA:24,0
DA:27,0
DA:30,0
DA:31,0
DA:53,0
DA:68,0
DA:71,0
DA:76,0
DA:81,0
DA:82,0
DA:84,0
DA:88,0
DA:89,0
DA:90,0
DA:94,0
DA:101,0
DA:105,0
DA:114,0
DA:116,0
DA:122,0
DA:128,0
DA:129,0
DA:143,0
DA:145,0
DA:156,0
DA:160,0
DA:171,0
DA:173,0
LF:30
LH:0
end_of_record
SF:lib/utils/performance_monitor.dart
DA:12,0
DA:22,0
DA:30,0
DA:32,0
DA:39,0
DA:46,0
DA:49,0
LF:7
LH:0
end_of_record
SF:lib/widgets/simple_splash_screen.dart
DA:9,0
DA:14,0
DA:15,0
DA:23,0
DA:25,0
DA:27,0
DA:32,0
DA:35,0
DA:36,0
DA:40,0
DA:43,0
DA:45,0
DA:46,0
DA:47,0
DA:48,0
DA:51,0
DA:59,0
DA:61,0
DA:62,0
DA:65,0
DA:67,0
DA:68,0
DA:80,0
DA:81,0
DA:82,0
DA:83,0
DA:84,0
DA:86,0
DA:88,0
DA:91,0
DA:101,0
DA:102,0
DA:103,0
DA:119,0
DA:120,0
DA:121,0
DA:122,0
DA:130,0
DA:147,0
DA:148,0
LF:40
LH:0
end_of_record
